[35m[1mConsolidate compiler generated dependencies of target ubi_vrobots_interface__rosidl_generator_c[0m
[  2%] Built target ubi_vrobots_interface__cpp
[ 12%] Built target ubi_vrobots_interface__rosidl_generator_c
[ 12%] Built target ament_cmake_python_copy_ubi_vrobots_interface
[35m[1mConsolidate compiler generated dependencies of target ubi_vrobots_interface__rosidl_typesupport_introspection_cpp[0m
[35m[1mConsolidate compiler generated dependencies of target ubi_vrobots_interface__rosidl_typesupport_cpp[0m
[35m[1mConsolidate compiler generated dependencies of target ubi_vrobots_interface__rosidl_typesupport_fastrtps_cpp[0m
[35m[1mConsolidate compiler generated dependencies of target ubi_vrobots_interface__rosidl_typesupport_fastrtps_c[0m
[35m[1mConsolidate compiler generated dependencies of target ubi_vrobots_interface__rosidl_typesupport_introspection_c[0m
[35m[1mConsolidate compiler generated dependencies of target ubi_vrobots_interface__rosidl_typesupport_c[0m
[ 23%] Built target ubi_vrobots_interface__rosidl_typesupport_fastrtps_cpp
[ 33%] Built target ubi_vrobots_interface__rosidl_typesupport_introspection_cpp
[ 61%] Built target ubi_vrobots_interface__rosidl_typesupport_fastrtps_c
[ 64%] Built target ubi_vrobots_interface__rosidl_typesupport_c
[ 64%] Built target ubi_vrobots_interface__rosidl_typesupport_cpp
[ 74%] Built target ubi_vrobots_interface__rosidl_typesupport_introspection_c
[ 74%] Built target ubi_vrobots_interface
[ 76%] Built target ubi_vrobots_interface__py
[35m[1mConsolidate compiler generated dependencies of target ubi_vrobots_interface__rosidl_generator_py[0m
[ 84%] Built target ubi_vrobots_interface__rosidl_generator_py
[35m[1mConsolidate compiler generated dependencies of target ubi_vrobots_interface__rosidl_typesupport_fastrtps_c__pyext[0m
[35m[1mConsolidate compiler generated dependencies of target ubi_vrobots_interface__rosidl_typesupport_introspection_c__pyext[0m
[35m[1mConsolidate compiler generated dependencies of target ubi_vrobots_interface__rosidl_typesupport_c__pyext[0m
[ 89%] Built target ubi_vrobots_interface__rosidl_typesupport_fastrtps_c__pyext
[ 94%] Built target ubi_vrobots_interface__rosidl_typesupport_introspection_c__pyext
[100%] Built target ubi_vrobots_interface__rosidl_typesupport_c__pyext
running egg_info
writing ubi_vrobots_interface.egg-info/PKG-INFO
writing dependency_links to ubi_vrobots_interface.egg-info/dependency_links.txt
writing top-level names to ubi_vrobots_interface.egg-info/top_level.txt
reading manifest file 'ubi_vrobots_interface.egg-info/SOURCES.txt'
writing manifest file 'ubi_vrobots_interface.egg-info/SOURCES.txt'
[100%] Built target ament_cmake_python_build_ubi_vrobots_interface_egg
-- Install configuration: ""
-- Up-to-date: /home/ubuntu/robot_ws/src/ubi_vrobots_interface/install/ubi_vrobots_interface/share/ament_index/resource_index/rosidl_interfaces/ubi_vrobots_interface
-- Up-to-date: /home/ubuntu/robot_ws/src/ubi_vrobots_interface/install/ubi_vrobots_interface/include/ubi_vrobots_interface/ubi_vrobots_interface
-- Up-to-date: /home/ubuntu/robot_ws/src/ubi_vrobots_interface/install/ubi_vrobots_interface/include/ubi_vrobots_interface/ubi_vrobots_interface/msg
-- Up-to-date: /home/ubuntu/robot_ws/src/ubi_vrobots_interface/install/ubi_vrobots_interface/include/ubi_vrobots_interface/ubi_vrobots_interface/msg/detail
-- Up-to-date: /home/ubuntu/robot_ws/src/ubi_vrobots_interface/install/ubi_vrobots_interface/include/ubi_vrobots_interface/ubi_vrobots_interface/msg/detail/v_robot_actuator__type_support.h
-- Up-to-date: /home/ubuntu/robot_ws/src/ubi_vrobots_interface/install/ubi_vrobots_interface/include/ubi_vrobots_interface/ubi_vrobots_interface/msg/detail/v_robot_actuator__struct.h
-- Up-to-date: /home/ubuntu/robot_ws/src/ubi_vrobots_interface/install/ubi_vrobots_interface/include/ubi_vrobots_interface/ubi_vrobots_interface/msg/detail/v_robot_states__type_support.h
-- Up-to-date: /home/ubuntu/robot_ws/src/ubi_vrobots_interface/install/ubi_vrobots_interface/include/ubi_vrobots_interface/ubi_vrobots_interface/msg/detail/v_robot_actuator__functions.c
-- Up-to-date: /home/ubuntu/robot_ws/src/ubi_vrobots_interface/install/ubi_vrobots_interface/include/ubi_vrobots_interface/ubi_vrobots_interface/msg/detail/v_robot_actuator__functions.h
-- Up-to-date: /home/ubuntu/robot_ws/src/ubi_vrobots_interface/install/ubi_vrobots_interface/include/ubi_vrobots_interface/ubi_vrobots_interface/msg/detail/v_robot_states__struct.h
-- Up-to-date: /home/ubuntu/robot_ws/src/ubi_vrobots_interface/install/ubi_vrobots_interface/include/ubi_vrobots_interface/ubi_vrobots_interface/msg/detail/v_robot_states__functions.h
-- Up-to-date: /home/ubuntu/robot_ws/src/ubi_vrobots_interface/install/ubi_vrobots_interface/include/ubi_vrobots_interface/ubi_vrobots_interface/msg/detail/v_robot_states__functions.c
-- Up-to-date: /home/ubuntu/robot_ws/src/ubi_vrobots_interface/install/ubi_vrobots_interface/include/ubi_vrobots_interface/ubi_vrobots_interface/msg/rosidl_generator_c__visibility_control.h
-- Up-to-date: /home/ubuntu/robot_ws/src/ubi_vrobots_interface/install/ubi_vrobots_interface/include/ubi_vrobots_interface/ubi_vrobots_interface/msg/v_robot_actuator.h
-- Up-to-date: /home/ubuntu/robot_ws/src/ubi_vrobots_interface/install/ubi_vrobots_interface/include/ubi_vrobots_interface/ubi_vrobots_interface/msg/v_robot_states.h
-- Up-to-date: /home/ubuntu/robot_ws/src/ubi_vrobots_interface/install/ubi_vrobots_interface/share/ubi_vrobots_interface/environment/library_path.sh
-- Up-to-date: /home/ubuntu/robot_ws/src/ubi_vrobots_interface/install/ubi_vrobots_interface/share/ubi_vrobots_interface/environment/library_path.dsv
-- Up-to-date: /home/ubuntu/robot_ws/src/ubi_vrobots_interface/install/ubi_vrobots_interface/lib/libubi_vrobots_interface__rosidl_generator_c.so
-- Up-to-date: /home/ubuntu/robot_ws/src/ubi_vrobots_interface/install/ubi_vrobots_interface/include/ubi_vrobots_interface/ubi_vrobots_interface
-- Up-to-date: /home/ubuntu/robot_ws/src/ubi_vrobots_interface/install/ubi_vrobots_interface/include/ubi_vrobots_interface/ubi_vrobots_interface/msg
-- Up-to-date: /home/ubuntu/robot_ws/src/ubi_vrobots_interface/install/ubi_vrobots_interface/include/ubi_vrobots_interface/ubi_vrobots_interface/msg/detail
-- Up-to-date: /home/ubuntu/robot_ws/src/ubi_vrobots_interface/install/ubi_vrobots_interface/include/ubi_vrobots_interface/ubi_vrobots_interface/msg/detail/v_robot_actuator__rosidl_typesupport_fastrtps_c.h
-- Up-to-date: /home/ubuntu/robot_ws/src/ubi_vrobots_interface/install/ubi_vrobots_interface/include/ubi_vrobots_interface/ubi_vrobots_interface/msg/detail/v_robot_states__rosidl_typesupport_fastrtps_c.h
-- Up-to-date: /home/ubuntu/robot_ws/src/ubi_vrobots_interface/install/ubi_vrobots_interface/include/ubi_vrobots_interface/ubi_vrobots_interface/msg/rosidl_typesupport_fastrtps_c__visibility_control.h
-- Up-to-date: /home/ubuntu/robot_ws/src/ubi_vrobots_interface/install/ubi_vrobots_interface/lib/libubi_vrobots_interface__rosidl_typesupport_fastrtps_c.so
-- Up-to-date: /home/ubuntu/robot_ws/src/ubi_vrobots_interface/install/ubi_vrobots_interface/include/ubi_vrobots_interface/ubi_vrobots_interface
-- Up-to-date: /home/ubuntu/robot_ws/src/ubi_vrobots_interface/install/ubi_vrobots_interface/include/ubi_vrobots_interface/ubi_vrobots_interface/msg
-- Up-to-date: /home/ubuntu/robot_ws/src/ubi_vrobots_interface/install/ubi_vrobots_interface/include/ubi_vrobots_interface/ubi_vrobots_interface/msg/detail
-- Up-to-date: /home/ubuntu/robot_ws/src/ubi_vrobots_interface/install/ubi_vrobots_interface/include/ubi_vrobots_interface/ubi_vrobots_interface/msg/detail/v_robot_actuator__traits.hpp
-- Up-to-date: /home/ubuntu/robot_ws/src/ubi_vrobots_interface/install/ubi_vrobots_interface/include/ubi_vrobots_interface/ubi_vrobots_interface/msg/detail/v_robot_actuator__struct.hpp
-- Up-to-date: /home/ubuntu/robot_ws/src/ubi_vrobots_interface/install/ubi_vrobots_interface/include/ubi_vrobots_interface/ubi_vrobots_interface/msg/detail/v_robot_states__traits.hpp
-- Up-to-date: /home/ubuntu/robot_ws/src/ubi_vrobots_interface/install/ubi_vrobots_interface/include/ubi_vrobots_interface/ubi_vrobots_interface/msg/detail/v_robot_states__struct.hpp
-- Up-to-date: /home/ubuntu/robot_ws/src/ubi_vrobots_interface/install/ubi_vrobots_interface/include/ubi_vrobots_interface/ubi_vrobots_interface/msg/detail/v_robot_actuator__builder.hpp
-- Up-to-date: /home/ubuntu/robot_ws/src/ubi_vrobots_interface/install/ubi_vrobots_interface/include/ubi_vrobots_interface/ubi_vrobots_interface/msg/detail/v_robot_states__builder.hpp
-- Up-to-date: /home/ubuntu/robot_ws/src/ubi_vrobots_interface/install/ubi_vrobots_interface/include/ubi_vrobots_interface/ubi_vrobots_interface/msg/v_robot_actuator.hpp
-- Up-to-date: /home/ubuntu/robot_ws/src/ubi_vrobots_interface/install/ubi_vrobots_interface/include/ubi_vrobots_interface/ubi_vrobots_interface/msg/v_robot_states.hpp
-- Up-to-date: /home/ubuntu/robot_ws/src/ubi_vrobots_interface/install/ubi_vrobots_interface/include/ubi_vrobots_interface/ubi_vrobots_interface
-- Up-to-date: /home/ubuntu/robot_ws/src/ubi_vrobots_interface/install/ubi_vrobots_interface/include/ubi_vrobots_interface/ubi_vrobots_interface/msg
-- Up-to-date: /home/ubuntu/robot_ws/src/ubi_vrobots_interface/install/ubi_vrobots_interface/include/ubi_vrobots_interface/ubi_vrobots_interface/msg/detail
-- Up-to-date: /home/ubuntu/robot_ws/src/ubi_vrobots_interface/install/ubi_vrobots_interface/include/ubi_vrobots_interface/ubi_vrobots_interface/msg/detail/dds_fastrtps
-- Up-to-date: /home/ubuntu/robot_ws/src/ubi_vrobots_interface/install/ubi_vrobots_interface/include/ubi_vrobots_interface/ubi_vrobots_interface/msg/detail/v_robot_actuator__rosidl_typesupport_fastrtps_cpp.hpp
-- Up-to-date: /home/ubuntu/robot_ws/src/ubi_vrobots_interface/install/ubi_vrobots_interface/include/ubi_vrobots_interface/ubi_vrobots_interface/msg/detail/v_robot_states__rosidl_typesupport_fastrtps_cpp.hpp
-- Up-to-date: /home/ubuntu/robot_ws/src/ubi_vrobots_interface/install/ubi_vrobots_interface/include/ubi_vrobots_interface/ubi_vrobots_interface/msg/rosidl_typesupport_fastrtps_cpp__visibility_control.h
-- Up-to-date: /home/ubuntu/robot_ws/src/ubi_vrobots_interface/install/ubi_vrobots_interface/lib/libubi_vrobots_interface__rosidl_typesupport_fastrtps_cpp.so
-- Up-to-date: /home/ubuntu/robot_ws/src/ubi_vrobots_interface/install/ubi_vrobots_interface/include/ubi_vrobots_interface/ubi_vrobots_interface
-- Up-to-date: /home/ubuntu/robot_ws/src/ubi_vrobots_interface/install/ubi_vrobots_interface/include/ubi_vrobots_interface/ubi_vrobots_interface/msg
-- Up-to-date: /home/ubuntu/robot_ws/src/ubi_vrobots_interface/install/ubi_vrobots_interface/include/ubi_vrobots_interface/ubi_vrobots_interface/msg/detail
-- Up-to-date: /home/ubuntu/robot_ws/src/ubi_vrobots_interface/install/ubi_vrobots_interface/include/ubi_vrobots_interface/ubi_vrobots_interface/msg/detail/v_robot_actuator__type_support.c
-- Up-to-date: /home/ubuntu/robot_ws/src/ubi_vrobots_interface/install/ubi_vrobots_interface/include/ubi_vrobots_interface/ubi_vrobots_interface/msg/detail/v_robot_states__rosidl_typesupport_introspection_c.h
-- Up-to-date: /home/ubuntu/robot_ws/src/ubi_vrobots_interface/install/ubi_vrobots_interface/include/ubi_vrobots_interface/ubi_vrobots_interface/msg/detail/v_robot_states__type_support.c
-- Up-to-date: /home/ubuntu/robot_ws/src/ubi_vrobots_interface/install/ubi_vrobots_interface/include/ubi_vrobots_interface/ubi_vrobots_interface/msg/detail/v_robot_actuator__rosidl_typesupport_introspection_c.h
-- Up-to-date: /home/ubuntu/robot_ws/src/ubi_vrobots_interface/install/ubi_vrobots_interface/include/ubi_vrobots_interface/ubi_vrobots_interface/msg/rosidl_typesupport_introspection_c__visibility_control.h
-- Up-to-date: /home/ubuntu/robot_ws/src/ubi_vrobots_interface/install/ubi_vrobots_interface/lib/libubi_vrobots_interface__rosidl_typesupport_introspection_c.so
-- Up-to-date: /home/ubuntu/robot_ws/src/ubi_vrobots_interface/install/ubi_vrobots_interface/lib/libubi_vrobots_interface__rosidl_typesupport_c.so
-- Up-to-date: /home/ubuntu/robot_ws/src/ubi_vrobots_interface/install/ubi_vrobots_interface/include/ubi_vrobots_interface/ubi_vrobots_interface
-- Up-to-date: /home/ubuntu/robot_ws/src/ubi_vrobots_interface/install/ubi_vrobots_interface/include/ubi_vrobots_interface/ubi_vrobots_interface/msg
-- Up-to-date: /home/ubuntu/robot_ws/src/ubi_vrobots_interface/install/ubi_vrobots_interface/include/ubi_vrobots_interface/ubi_vrobots_interface/msg/detail
-- Up-to-date: /home/ubuntu/robot_ws/src/ubi_vrobots_interface/install/ubi_vrobots_interface/include/ubi_vrobots_interface/ubi_vrobots_interface/msg/detail/v_robot_actuator__type_support.cpp
-- Up-to-date: /home/ubuntu/robot_ws/src/ubi_vrobots_interface/install/ubi_vrobots_interface/include/ubi_vrobots_interface/ubi_vrobots_interface/msg/detail/v_robot_states__rosidl_typesupport_introspection_cpp.hpp
-- Up-to-date: /home/ubuntu/robot_ws/src/ubi_vrobots_interface/install/ubi_vrobots_interface/include/ubi_vrobots_interface/ubi_vrobots_interface/msg/detail/v_robot_states__type_support.cpp
-- Up-to-date: /home/ubuntu/robot_ws/src/ubi_vrobots_interface/install/ubi_vrobots_interface/include/ubi_vrobots_interface/ubi_vrobots_interface/msg/detail/v_robot_actuator__rosidl_typesupport_introspection_cpp.hpp
-- Up-to-date: /home/ubuntu/robot_ws/src/ubi_vrobots_interface/install/ubi_vrobots_interface/lib/libubi_vrobots_interface__rosidl_typesupport_introspection_cpp.so
-- Up-to-date: /home/ubuntu/robot_ws/src/ubi_vrobots_interface/install/ubi_vrobots_interface/lib/libubi_vrobots_interface__rosidl_typesupport_cpp.so
-- Up-to-date: /home/ubuntu/robot_ws/src/ubi_vrobots_interface/install/ubi_vrobots_interface/share/ubi_vrobots_interface/environment/pythonpath.sh
-- Up-to-date: /home/ubuntu/robot_ws/src/ubi_vrobots_interface/install/ubi_vrobots_interface/share/ubi_vrobots_interface/environment/pythonpath.dsv
-- Up-to-date: /home/ubuntu/robot_ws/src/ubi_vrobots_interface/install/ubi_vrobots_interface/local/lib/python3.10/dist-packages/ubi_vrobots_interface-0.0.0-py3.10.egg-info
-- Installing: /home/ubuntu/robot_ws/src/ubi_vrobots_interface/install/ubi_vrobots_interface/local/lib/python3.10/dist-packages/ubi_vrobots_interface-0.0.0-py3.10.egg-info/PKG-INFO
-- Installing: /home/ubuntu/robot_ws/src/ubi_vrobots_interface/install/ubi_vrobots_interface/local/lib/python3.10/dist-packages/ubi_vrobots_interface-0.0.0-py3.10.egg-info/top_level.txt
-- Installing: /home/ubuntu/robot_ws/src/ubi_vrobots_interface/install/ubi_vrobots_interface/local/lib/python3.10/dist-packages/ubi_vrobots_interface-0.0.0-py3.10.egg-info/SOURCES.txt
-- Installing: /home/ubuntu/robot_ws/src/ubi_vrobots_interface/install/ubi_vrobots_interface/local/lib/python3.10/dist-packages/ubi_vrobots_interface-0.0.0-py3.10.egg-info/dependency_links.txt
-- Up-to-date: /home/ubuntu/robot_ws/src/ubi_vrobots_interface/install/ubi_vrobots_interface/local/lib/python3.10/dist-packages/ubi_vrobots_interface
-- Up-to-date: /home/ubuntu/robot_ws/src/ubi_vrobots_interface/install/ubi_vrobots_interface/local/lib/python3.10/dist-packages/ubi_vrobots_interface/_ubi_vrobots_interface_s.ep.rosidl_typesupport_introspection_c.c
-- Up-to-date: /home/ubuntu/robot_ws/src/ubi_vrobots_interface/install/ubi_vrobots_interface/local/lib/python3.10/dist-packages/ubi_vrobots_interface/ubi_vrobots_interface_s__rosidl_typesupport_c.cpython-310-x86_64-linux-gnu.so
-- Up-to-date: /home/ubuntu/robot_ws/src/ubi_vrobots_interface/install/ubi_vrobots_interface/local/lib/python3.10/dist-packages/ubi_vrobots_interface/ubi_vrobots_interface_s__rosidl_typesupport_fastrtps_c.cpython-310-x86_64-linux-gnu.so
-- Up-to-date: /home/ubuntu/robot_ws/src/ubi_vrobots_interface/install/ubi_vrobots_interface/local/lib/python3.10/dist-packages/ubi_vrobots_interface/msg
-- Up-to-date: /home/ubuntu/robot_ws/src/ubi_vrobots_interface/install/ubi_vrobots_interface/local/lib/python3.10/dist-packages/ubi_vrobots_interface/msg/_v_robot_actuator_s.c
-- Up-to-date: /home/ubuntu/robot_ws/src/ubi_vrobots_interface/install/ubi_vrobots_interface/local/lib/python3.10/dist-packages/ubi_vrobots_interface/msg/__init__.py
-- Up-to-date: /home/ubuntu/robot_ws/src/ubi_vrobots_interface/install/ubi_vrobots_interface/local/lib/python3.10/dist-packages/ubi_vrobots_interface/msg/_v_robot_states.py
-- Up-to-date: /home/ubuntu/robot_ws/src/ubi_vrobots_interface/install/ubi_vrobots_interface/local/lib/python3.10/dist-packages/ubi_vrobots_interface/msg/_v_robot_actuator.py
-- Up-to-date: /home/ubuntu/robot_ws/src/ubi_vrobots_interface/install/ubi_vrobots_interface/local/lib/python3.10/dist-packages/ubi_vrobots_interface/msg/_v_robot_states_s.c
-- Up-to-date: /home/ubuntu/robot_ws/src/ubi_vrobots_interface/install/ubi_vrobots_interface/local/lib/python3.10/dist-packages/ubi_vrobots_interface/_ubi_vrobots_interface_s.ep.rosidl_typesupport_fastrtps_c.c
-- Up-to-date: /home/ubuntu/robot_ws/src/ubi_vrobots_interface/install/ubi_vrobots_interface/local/lib/python3.10/dist-packages/ubi_vrobots_interface/__init__.py
-- Up-to-date: /home/ubuntu/robot_ws/src/ubi_vrobots_interface/install/ubi_vrobots_interface/local/lib/python3.10/dist-packages/ubi_vrobots_interface/_ubi_vrobots_interface_s.ep.rosidl_typesupport_c.c
-- Up-to-date: /home/ubuntu/robot_ws/src/ubi_vrobots_interface/install/ubi_vrobots_interface/local/lib/python3.10/dist-packages/ubi_vrobots_interface/ubi_vrobots_interface_s__rosidl_typesupport_introspection_c.cpython-310-x86_64-linux-gnu.so
-- Up-to-date: /home/ubuntu/robot_ws/src/ubi_vrobots_interface/install/ubi_vrobots_interface/local/lib/python3.10/dist-packages/ubi_vrobots_interface/libubi_vrobots_interface__rosidl_generator_py.so
Listing '/home/ubuntu/robot_ws/src/ubi_vrobots_interface/install/ubi_vrobots_interface/local/lib/python3.10/dist-packages/ubi_vrobots_interface'...
Listing '/home/ubuntu/robot_ws/src/ubi_vrobots_interface/install/ubi_vrobots_interface/local/lib/python3.10/dist-packages/ubi_vrobots_interface/msg'...
-- Up-to-date: /home/ubuntu/robot_ws/src/ubi_vrobots_interface/install/ubi_vrobots_interface/local/lib/python3.10/dist-packages/ubi_vrobots_interface/ubi_vrobots_interface_s__rosidl_typesupport_fastrtps_c.cpython-310-x86_64-linux-gnu.so
-- Up-to-date: /home/ubuntu/robot_ws/src/ubi_vrobots_interface/install/ubi_vrobots_interface/local/lib/python3.10/dist-packages/ubi_vrobots_interface/ubi_vrobots_interface_s__rosidl_typesupport_introspection_c.cpython-310-x86_64-linux-gnu.so
-- Up-to-date: /home/ubuntu/robot_ws/src/ubi_vrobots_interface/install/ubi_vrobots_interface/local/lib/python3.10/dist-packages/ubi_vrobots_interface/ubi_vrobots_interface_s__rosidl_typesupport_c.cpython-310-x86_64-linux-gnu.so
-- Up-to-date: /home/ubuntu/robot_ws/src/ubi_vrobots_interface/install/ubi_vrobots_interface/lib/libubi_vrobots_interface__rosidl_generator_py.so
-- Up-to-date: /home/ubuntu/robot_ws/src/ubi_vrobots_interface/install/ubi_vrobots_interface/share/ubi_vrobots_interface/msg/VRobotStates.idl
-- Up-to-date: /home/ubuntu/robot_ws/src/ubi_vrobots_interface/install/ubi_vrobots_interface/share/ubi_vrobots_interface/msg/VRobotActuator.idl
-- Up-to-date: /home/ubuntu/robot_ws/src/ubi_vrobots_interface/install/ubi_vrobots_interface/share/ubi_vrobots_interface/msg/VRobotStates.msg
-- Up-to-date: /home/ubuntu/robot_ws/src/ubi_vrobots_interface/install/ubi_vrobots_interface/share/ubi_vrobots_interface/msg/VRobotActuator.msg
-- Up-to-date: /home/ubuntu/robot_ws/src/ubi_vrobots_interface/install/ubi_vrobots_interface/share/ament_index/resource_index/package_run_dependencies/ubi_vrobots_interface
-- Up-to-date: /home/ubuntu/robot_ws/src/ubi_vrobots_interface/install/ubi_vrobots_interface/share/ament_index/resource_index/parent_prefix_path/ubi_vrobots_interface
-- Up-to-date: /home/ubuntu/robot_ws/src/ubi_vrobots_interface/install/ubi_vrobots_interface/share/ubi_vrobots_interface/environment/ament_prefix_path.sh
-- Up-to-date: /home/ubuntu/robot_ws/src/ubi_vrobots_interface/install/ubi_vrobots_interface/share/ubi_vrobots_interface/environment/ament_prefix_path.dsv
-- Up-to-date: /home/ubuntu/robot_ws/src/ubi_vrobots_interface/install/ubi_vrobots_interface/share/ubi_vrobots_interface/environment/path.sh
-- Up-to-date: /home/ubuntu/robot_ws/src/ubi_vrobots_interface/install/ubi_vrobots_interface/share/ubi_vrobots_interface/environment/path.dsv
-- Up-to-date: /home/ubuntu/robot_ws/src/ubi_vrobots_interface/install/ubi_vrobots_interface/share/ubi_vrobots_interface/local_setup.bash
-- Up-to-date: /home/ubuntu/robot_ws/src/ubi_vrobots_interface/install/ubi_vrobots_interface/share/ubi_vrobots_interface/local_setup.sh
-- Up-to-date: /home/ubuntu/robot_ws/src/ubi_vrobots_interface/install/ubi_vrobots_interface/share/ubi_vrobots_interface/local_setup.zsh
-- Up-to-date: /home/ubuntu/robot_ws/src/ubi_vrobots_interface/install/ubi_vrobots_interface/share/ubi_vrobots_interface/local_setup.dsv
-- Installing: /home/ubuntu/robot_ws/src/ubi_vrobots_interface/install/ubi_vrobots_interface/share/ubi_vrobots_interface/package.dsv
-- Up-to-date: /home/ubuntu/robot_ws/src/ubi_vrobots_interface/install/ubi_vrobots_interface/share/ament_index/resource_index/packages/ubi_vrobots_interface
-- Up-to-date: /home/ubuntu/robot_ws/src/ubi_vrobots_interface/install/ubi_vrobots_interface/share/ubi_vrobots_interface/cmake/export_ubi_vrobots_interface__rosidl_generator_cExport.cmake
-- Up-to-date: /home/ubuntu/robot_ws/src/ubi_vrobots_interface/install/ubi_vrobots_interface/share/ubi_vrobots_interface/cmake/export_ubi_vrobots_interface__rosidl_generator_cExport-noconfig.cmake
-- Up-to-date: /home/ubuntu/robot_ws/src/ubi_vrobots_interface/install/ubi_vrobots_interface/share/ubi_vrobots_interface/cmake/export_ubi_vrobots_interface__rosidl_typesupport_fastrtps_cExport.cmake
-- Up-to-date: /home/ubuntu/robot_ws/src/ubi_vrobots_interface/install/ubi_vrobots_interface/share/ubi_vrobots_interface/cmake/export_ubi_vrobots_interface__rosidl_typesupport_fastrtps_cExport-noconfig.cmake
-- Up-to-date: /home/ubuntu/robot_ws/src/ubi_vrobots_interface/install/ubi_vrobots_interface/share/ubi_vrobots_interface/cmake/export_ubi_vrobots_interface__rosidl_generator_cppExport.cmake
-- Up-to-date: /home/ubuntu/robot_ws/src/ubi_vrobots_interface/install/ubi_vrobots_interface/share/ubi_vrobots_interface/cmake/export_ubi_vrobots_interface__rosidl_typesupport_fastrtps_cppExport.cmake
-- Up-to-date: /home/ubuntu/robot_ws/src/ubi_vrobots_interface/install/ubi_vrobots_interface/share/ubi_vrobots_interface/cmake/export_ubi_vrobots_interface__rosidl_typesupport_fastrtps_cppExport-noconfig.cmake
-- Up-to-date: /home/ubuntu/robot_ws/src/ubi_vrobots_interface/install/ubi_vrobots_interface/share/ubi_vrobots_interface/cmake/ubi_vrobots_interface__rosidl_typesupport_introspection_cExport.cmake
-- Up-to-date: /home/ubuntu/robot_ws/src/ubi_vrobots_interface/install/ubi_vrobots_interface/share/ubi_vrobots_interface/cmake/ubi_vrobots_interface__rosidl_typesupport_introspection_cExport-noconfig.cmake
-- Up-to-date: /home/ubuntu/robot_ws/src/ubi_vrobots_interface/install/ubi_vrobots_interface/share/ubi_vrobots_interface/cmake/ubi_vrobots_interface__rosidl_typesupport_cExport.cmake
-- Up-to-date: /home/ubuntu/robot_ws/src/ubi_vrobots_interface/install/ubi_vrobots_interface/share/ubi_vrobots_interface/cmake/ubi_vrobots_interface__rosidl_typesupport_cExport-noconfig.cmake
-- Up-to-date: /home/ubuntu/robot_ws/src/ubi_vrobots_interface/install/ubi_vrobots_interface/share/ubi_vrobots_interface/cmake/ubi_vrobots_interface__rosidl_typesupport_introspection_cppExport.cmake
-- Up-to-date: /home/ubuntu/robot_ws/src/ubi_vrobots_interface/install/ubi_vrobots_interface/share/ubi_vrobots_interface/cmake/ubi_vrobots_interface__rosidl_typesupport_introspection_cppExport-noconfig.cmake
-- Up-to-date: /home/ubuntu/robot_ws/src/ubi_vrobots_interface/install/ubi_vrobots_interface/share/ubi_vrobots_interface/cmake/ubi_vrobots_interface__rosidl_typesupport_cppExport.cmake
-- Up-to-date: /home/ubuntu/robot_ws/src/ubi_vrobots_interface/install/ubi_vrobots_interface/share/ubi_vrobots_interface/cmake/ubi_vrobots_interface__rosidl_typesupport_cppExport-noconfig.cmake
-- Up-to-date: /home/ubuntu/robot_ws/src/ubi_vrobots_interface/install/ubi_vrobots_interface/share/ubi_vrobots_interface/cmake/export_ubi_vrobots_interface__rosidl_generator_pyExport.cmake
-- Up-to-date: /home/ubuntu/robot_ws/src/ubi_vrobots_interface/install/ubi_vrobots_interface/share/ubi_vrobots_interface/cmake/export_ubi_vrobots_interface__rosidl_generator_pyExport-noconfig.cmake
-- Up-to-date: /home/ubuntu/robot_ws/src/ubi_vrobots_interface/install/ubi_vrobots_interface/share/ubi_vrobots_interface/cmake/rosidl_cmake-extras.cmake
-- Up-to-date: /home/ubuntu/robot_ws/src/ubi_vrobots_interface/install/ubi_vrobots_interface/share/ubi_vrobots_interface/cmake/ament_cmake_export_dependencies-extras.cmake
-- Up-to-date: /home/ubuntu/robot_ws/src/ubi_vrobots_interface/install/ubi_vrobots_interface/share/ubi_vrobots_interface/cmake/ament_cmake_export_include_directories-extras.cmake
-- Up-to-date: /home/ubuntu/robot_ws/src/ubi_vrobots_interface/install/ubi_vrobots_interface/share/ubi_vrobots_interface/cmake/ament_cmake_export_libraries-extras.cmake
-- Up-to-date: /home/ubuntu/robot_ws/src/ubi_vrobots_interface/install/ubi_vrobots_interface/share/ubi_vrobots_interface/cmake/ament_cmake_export_targets-extras.cmake
-- Up-to-date: /home/ubuntu/robot_ws/src/ubi_vrobots_interface/install/ubi_vrobots_interface/share/ubi_vrobots_interface/cmake/rosidl_cmake_export_typesupport_targets-extras.cmake
-- Up-to-date: /home/ubuntu/robot_ws/src/ubi_vrobots_interface/install/ubi_vrobots_interface/share/ubi_vrobots_interface/cmake/rosidl_cmake_export_typesupport_libraries-extras.cmake
-- Up-to-date: /home/ubuntu/robot_ws/src/ubi_vrobots_interface/install/ubi_vrobots_interface/share/ubi_vrobots_interface/cmake/ubi_vrobots_interfaceConfig.cmake
-- Up-to-date: /home/ubuntu/robot_ws/src/ubi_vrobots_interface/install/ubi_vrobots_interface/share/ubi_vrobots_interface/cmake/ubi_vrobots_interfaceConfig-version.cmake
-- Up-to-date: /home/ubuntu/robot_ws/src/ubi_vrobots_interface/install/ubi_vrobots_interface/share/ubi_vrobots_interface/package.xml
