[0.053s] Invoking command in '/home/ubuntu/robot_ws/src/ubi_vrobots_interface/build/ubi_vrobots_interface': CMAKE_PREFIX_PATH=/opt/ros/humble /usr/bin/cmake --build /home/ubuntu/robot_ws/src/ubi_vrobots_interface/build/ubi_vrobots_interface -- -j28 -l28
[0.144s] [35m[1mConsolidate compiler generated dependencies of target ubi_vrobots_interface__rosidl_generator_c[0m
[0.162s] [  2%] Built target ubi_vrobots_interface__cpp
[0.179s] [ 12%] Built target ubi_vrobots_interface__rosidl_generator_c
[0.188s] [ 12%] Built target ament_cmake_python_copy_ubi_vrobots_interface
[0.190s] [35m[1mConsolidate compiler generated dependencies of target ubi_vrobots_interface__rosidl_typesupport_introspection_cpp[0m
[0.191s] [35m[1mConsolidate compiler generated dependencies of target ubi_vrobots_interface__rosidl_typesupport_cpp[0m
[0.192s] [35m[1mConsolidate compiler generated dependencies of target ubi_vrobots_interface__rosidl_typesupport_fastrtps_cpp[0m
[0.204s] [35m[1mConsolidate compiler generated dependencies of target ubi_vrobots_interface__rosidl_typesupport_fastrtps_c[0m
[0.207s] [35m[1mConsolidate compiler generated dependencies of target ubi_vrobots_interface__rosidl_typesupport_introspection_c[0m
[0.209s] [35m[1mConsolidate compiler generated dependencies of target ubi_vrobots_interface__rosidl_typesupport_c[0m
[0.219s] [ 23%] Built target ubi_vrobots_interface__rosidl_typesupport_fastrtps_cpp
[0.227s] [ 33%] Built target ubi_vrobots_interface__rosidl_typesupport_introspection_cpp
[0.230s] [ 61%] Built target ubi_vrobots_interface__rosidl_typesupport_fastrtps_c
[0.230s] [ 64%] Built target ubi_vrobots_interface__rosidl_typesupport_c
[0.230s] [ 64%] Built target ubi_vrobots_interface__rosidl_typesupport_cpp
[0.236s] [ 74%] Built target ubi_vrobots_interface__rosidl_typesupport_introspection_c
[0.270s] [ 74%] Built target ubi_vrobots_interface
[0.313s] [ 76%] Built target ubi_vrobots_interface__py
[0.340s] [35m[1mConsolidate compiler generated dependencies of target ubi_vrobots_interface__rosidl_generator_py[0m
[0.377s] [ 84%] Built target ubi_vrobots_interface__rosidl_generator_py
[0.398s] [35m[1mConsolidate compiler generated dependencies of target ubi_vrobots_interface__rosidl_typesupport_fastrtps_c__pyext[0m
[0.401s] [35m[1mConsolidate compiler generated dependencies of target ubi_vrobots_interface__rosidl_typesupport_introspection_c__pyext[0m
[0.406s] [35m[1mConsolidate compiler generated dependencies of target ubi_vrobots_interface__rosidl_typesupport_c__pyext[0m
[0.423s] [ 89%] Built target ubi_vrobots_interface__rosidl_typesupport_fastrtps_c__pyext
[0.437s] [ 94%] Built target ubi_vrobots_interface__rosidl_typesupport_introspection_c__pyext
[0.440s] [100%] Built target ubi_vrobots_interface__rosidl_typesupport_c__pyext
[0.531s] running egg_info
[0.532s] writing ubi_vrobots_interface.egg-info/PKG-INFO
[0.532s] writing dependency_links to ubi_vrobots_interface.egg-info/dependency_links.txt
[0.532s] writing top-level names to ubi_vrobots_interface.egg-info/top_level.txt
[0.534s] reading manifest file 'ubi_vrobots_interface.egg-info/SOURCES.txt'
[0.534s] writing manifest file 'ubi_vrobots_interface.egg-info/SOURCES.txt'
[0.572s] [100%] Built target ament_cmake_python_build_ubi_vrobots_interface_egg
[0.592s] Invoked command in '/home/ubuntu/robot_ws/src/ubi_vrobots_interface/build/ubi_vrobots_interface' returned '0': CMAKE_PREFIX_PATH=/opt/ros/humble /usr/bin/cmake --build /home/ubuntu/robot_ws/src/ubi_vrobots_interface/build/ubi_vrobots_interface -- -j28 -l28
[0.881s] Invoking command in '/home/ubuntu/robot_ws/src/ubi_vrobots_interface/build/ubi_vrobots_interface': CMAKE_PREFIX_PATH=/opt/ros/humble /usr/bin/cmake --install /home/ubuntu/robot_ws/src/ubi_vrobots_interface/build/ubi_vrobots_interface
[0.900s] -- Install configuration: ""
[0.901s] -- Up-to-date: /home/ubuntu/robot_ws/src/ubi_vrobots_interface/install/ubi_vrobots_interface/share/ament_index/resource_index/rosidl_interfaces/ubi_vrobots_interface
[0.902s] -- Up-to-date: /home/ubuntu/robot_ws/src/ubi_vrobots_interface/install/ubi_vrobots_interface/include/ubi_vrobots_interface/ubi_vrobots_interface
[0.902s] -- Up-to-date: /home/ubuntu/robot_ws/src/ubi_vrobots_interface/install/ubi_vrobots_interface/include/ubi_vrobots_interface/ubi_vrobots_interface/msg
[0.902s] -- Up-to-date: /home/ubuntu/robot_ws/src/ubi_vrobots_interface/install/ubi_vrobots_interface/include/ubi_vrobots_interface/ubi_vrobots_interface/msg/detail
[0.902s] -- Up-to-date: /home/ubuntu/robot_ws/src/ubi_vrobots_interface/install/ubi_vrobots_interface/include/ubi_vrobots_interface/ubi_vrobots_interface/msg/detail/v_robot_actuator__type_support.h
[0.903s] -- Up-to-date: /home/ubuntu/robot_ws/src/ubi_vrobots_interface/install/ubi_vrobots_interface/include/ubi_vrobots_interface/ubi_vrobots_interface/msg/detail/v_robot_actuator__struct.h
[0.903s] -- Up-to-date: /home/ubuntu/robot_ws/src/ubi_vrobots_interface/install/ubi_vrobots_interface/include/ubi_vrobots_interface/ubi_vrobots_interface/msg/detail/v_robot_states__type_support.h
[0.903s] -- Up-to-date: /home/ubuntu/robot_ws/src/ubi_vrobots_interface/install/ubi_vrobots_interface/include/ubi_vrobots_interface/ubi_vrobots_interface/msg/detail/v_robot_actuator__functions.c
[0.903s] -- Up-to-date: /home/ubuntu/robot_ws/src/ubi_vrobots_interface/install/ubi_vrobots_interface/include/ubi_vrobots_interface/ubi_vrobots_interface/msg/detail/v_robot_actuator__functions.h
[0.903s] -- Up-to-date: /home/ubuntu/robot_ws/src/ubi_vrobots_interface/install/ubi_vrobots_interface/include/ubi_vrobots_interface/ubi_vrobots_interface/msg/detail/v_robot_states__struct.h
[0.904s] -- Up-to-date: /home/ubuntu/robot_ws/src/ubi_vrobots_interface/install/ubi_vrobots_interface/include/ubi_vrobots_interface/ubi_vrobots_interface/msg/detail/v_robot_states__functions.h
[0.904s] -- Up-to-date: /home/ubuntu/robot_ws/src/ubi_vrobots_interface/install/ubi_vrobots_interface/include/ubi_vrobots_interface/ubi_vrobots_interface/msg/detail/v_robot_states__functions.c
[0.904s] -- Up-to-date: /home/ubuntu/robot_ws/src/ubi_vrobots_interface/install/ubi_vrobots_interface/include/ubi_vrobots_interface/ubi_vrobots_interface/msg/rosidl_generator_c__visibility_control.h
[0.905s] -- Up-to-date: /home/ubuntu/robot_ws/src/ubi_vrobots_interface/install/ubi_vrobots_interface/include/ubi_vrobots_interface/ubi_vrobots_interface/msg/v_robot_actuator.h
[0.905s] -- Up-to-date: /home/ubuntu/robot_ws/src/ubi_vrobots_interface/install/ubi_vrobots_interface/include/ubi_vrobots_interface/ubi_vrobots_interface/msg/v_robot_states.h
[0.905s] -- Up-to-date: /home/ubuntu/robot_ws/src/ubi_vrobots_interface/install/ubi_vrobots_interface/share/ubi_vrobots_interface/environment/library_path.sh
[0.905s] -- Up-to-date: /home/ubuntu/robot_ws/src/ubi_vrobots_interface/install/ubi_vrobots_interface/share/ubi_vrobots_interface/environment/library_path.dsv
[0.906s] -- Up-to-date: /home/ubuntu/robot_ws/src/ubi_vrobots_interface/install/ubi_vrobots_interface/lib/libubi_vrobots_interface__rosidl_generator_c.so
[0.906s] -- Up-to-date: /home/ubuntu/robot_ws/src/ubi_vrobots_interface/install/ubi_vrobots_interface/include/ubi_vrobots_interface/ubi_vrobots_interface
[0.906s] -- Up-to-date: /home/ubuntu/robot_ws/src/ubi_vrobots_interface/install/ubi_vrobots_interface/include/ubi_vrobots_interface/ubi_vrobots_interface/msg
[0.906s] -- Up-to-date: /home/ubuntu/robot_ws/src/ubi_vrobots_interface/install/ubi_vrobots_interface/include/ubi_vrobots_interface/ubi_vrobots_interface/msg/detail
[0.907s] -- Up-to-date: /home/ubuntu/robot_ws/src/ubi_vrobots_interface/install/ubi_vrobots_interface/include/ubi_vrobots_interface/ubi_vrobots_interface/msg/detail/v_robot_actuator__rosidl_typesupport_fastrtps_c.h
[0.907s] -- Up-to-date: /home/ubuntu/robot_ws/src/ubi_vrobots_interface/install/ubi_vrobots_interface/include/ubi_vrobots_interface/ubi_vrobots_interface/msg/detail/v_robot_states__rosidl_typesupport_fastrtps_c.h
[0.907s] -- Up-to-date: /home/ubuntu/robot_ws/src/ubi_vrobots_interface/install/ubi_vrobots_interface/include/ubi_vrobots_interface/ubi_vrobots_interface/msg/rosidl_typesupport_fastrtps_c__visibility_control.h
[0.907s] -- Up-to-date: /home/ubuntu/robot_ws/src/ubi_vrobots_interface/install/ubi_vrobots_interface/lib/libubi_vrobots_interface__rosidl_typesupport_fastrtps_c.so
[0.908s] -- Up-to-date: /home/ubuntu/robot_ws/src/ubi_vrobots_interface/install/ubi_vrobots_interface/include/ubi_vrobots_interface/ubi_vrobots_interface
[0.908s] -- Up-to-date: /home/ubuntu/robot_ws/src/ubi_vrobots_interface/install/ubi_vrobots_interface/include/ubi_vrobots_interface/ubi_vrobots_interface/msg
[0.908s] -- Up-to-date: /home/ubuntu/robot_ws/src/ubi_vrobots_interface/install/ubi_vrobots_interface/include/ubi_vrobots_interface/ubi_vrobots_interface/msg/detail
[0.908s] -- Up-to-date: /home/ubuntu/robot_ws/src/ubi_vrobots_interface/install/ubi_vrobots_interface/include/ubi_vrobots_interface/ubi_vrobots_interface/msg/detail/v_robot_actuator__traits.hpp
[0.909s] -- Up-to-date: /home/ubuntu/robot_ws/src/ubi_vrobots_interface/install/ubi_vrobots_interface/include/ubi_vrobots_interface/ubi_vrobots_interface/msg/detail/v_robot_actuator__struct.hpp
[0.909s] -- Up-to-date: /home/ubuntu/robot_ws/src/ubi_vrobots_interface/install/ubi_vrobots_interface/include/ubi_vrobots_interface/ubi_vrobots_interface/msg/detail/v_robot_states__traits.hpp
[0.910s] -- Up-to-date: /home/ubuntu/robot_ws/src/ubi_vrobots_interface/install/ubi_vrobots_interface/include/ubi_vrobots_interface/ubi_vrobots_interface/msg/detail/v_robot_states__struct.hpp
[0.911s] -- Up-to-date: /home/ubuntu/robot_ws/src/ubi_vrobots_interface/install/ubi_vrobots_interface/include/ubi_vrobots_interface/ubi_vrobots_interface/msg/detail/v_robot_actuator__builder.hpp
[0.911s] -- Up-to-date: /home/ubuntu/robot_ws/src/ubi_vrobots_interface/install/ubi_vrobots_interface/include/ubi_vrobots_interface/ubi_vrobots_interface/msg/detail/v_robot_states__builder.hpp
[0.911s] -- Up-to-date: /home/ubuntu/robot_ws/src/ubi_vrobots_interface/install/ubi_vrobots_interface/include/ubi_vrobots_interface/ubi_vrobots_interface/msg/v_robot_actuator.hpp
[0.911s] -- Up-to-date: /home/ubuntu/robot_ws/src/ubi_vrobots_interface/install/ubi_vrobots_interface/include/ubi_vrobots_interface/ubi_vrobots_interface/msg/v_robot_states.hpp
[0.912s] -- Up-to-date: /home/ubuntu/robot_ws/src/ubi_vrobots_interface/install/ubi_vrobots_interface/include/ubi_vrobots_interface/ubi_vrobots_interface
[0.912s] -- Up-to-date: /home/ubuntu/robot_ws/src/ubi_vrobots_interface/install/ubi_vrobots_interface/include/ubi_vrobots_interface/ubi_vrobots_interface/msg
[0.912s] -- Up-to-date: /home/ubuntu/robot_ws/src/ubi_vrobots_interface/install/ubi_vrobots_interface/include/ubi_vrobots_interface/ubi_vrobots_interface/msg/detail
[0.912s] -- Up-to-date: /home/ubuntu/robot_ws/src/ubi_vrobots_interface/install/ubi_vrobots_interface/include/ubi_vrobots_interface/ubi_vrobots_interface/msg/detail/dds_fastrtps
[0.912s] -- Up-to-date: /home/ubuntu/robot_ws/src/ubi_vrobots_interface/install/ubi_vrobots_interface/include/ubi_vrobots_interface/ubi_vrobots_interface/msg/detail/v_robot_actuator__rosidl_typesupport_fastrtps_cpp.hpp
[0.912s] -- Up-to-date: /home/ubuntu/robot_ws/src/ubi_vrobots_interface/install/ubi_vrobots_interface/include/ubi_vrobots_interface/ubi_vrobots_interface/msg/detail/v_robot_states__rosidl_typesupport_fastrtps_cpp.hpp
[0.913s] -- Up-to-date: /home/ubuntu/robot_ws/src/ubi_vrobots_interface/install/ubi_vrobots_interface/include/ubi_vrobots_interface/ubi_vrobots_interface/msg/rosidl_typesupport_fastrtps_cpp__visibility_control.h
[0.913s] -- Up-to-date: /home/ubuntu/robot_ws/src/ubi_vrobots_interface/install/ubi_vrobots_interface/lib/libubi_vrobots_interface__rosidl_typesupport_fastrtps_cpp.so
[0.913s] -- Up-to-date: /home/ubuntu/robot_ws/src/ubi_vrobots_interface/install/ubi_vrobots_interface/include/ubi_vrobots_interface/ubi_vrobots_interface
[0.913s] -- Up-to-date: /home/ubuntu/robot_ws/src/ubi_vrobots_interface/install/ubi_vrobots_interface/include/ubi_vrobots_interface/ubi_vrobots_interface/msg
[0.914s] -- Up-to-date: /home/ubuntu/robot_ws/src/ubi_vrobots_interface/install/ubi_vrobots_interface/include/ubi_vrobots_interface/ubi_vrobots_interface/msg/detail
[0.914s] -- Up-to-date: /home/ubuntu/robot_ws/src/ubi_vrobots_interface/install/ubi_vrobots_interface/include/ubi_vrobots_interface/ubi_vrobots_interface/msg/detail/v_robot_actuator__type_support.c
[0.914s] -- Up-to-date: /home/ubuntu/robot_ws/src/ubi_vrobots_interface/install/ubi_vrobots_interface/include/ubi_vrobots_interface/ubi_vrobots_interface/msg/detail/v_robot_states__rosidl_typesupport_introspection_c.h
[0.914s] -- Up-to-date: /home/ubuntu/robot_ws/src/ubi_vrobots_interface/install/ubi_vrobots_interface/include/ubi_vrobots_interface/ubi_vrobots_interface/msg/detail/v_robot_states__type_support.c
[0.914s] -- Up-to-date: /home/ubuntu/robot_ws/src/ubi_vrobots_interface/install/ubi_vrobots_interface/include/ubi_vrobots_interface/ubi_vrobots_interface/msg/detail/v_robot_actuator__rosidl_typesupport_introspection_c.h
[0.914s] -- Up-to-date: /home/ubuntu/robot_ws/src/ubi_vrobots_interface/install/ubi_vrobots_interface/include/ubi_vrobots_interface/ubi_vrobots_interface/msg/rosidl_typesupport_introspection_c__visibility_control.h
[0.915s] -- Up-to-date: /home/ubuntu/robot_ws/src/ubi_vrobots_interface/install/ubi_vrobots_interface/lib/libubi_vrobots_interface__rosidl_typesupport_introspection_c.so
[0.915s] -- Up-to-date: /home/ubuntu/robot_ws/src/ubi_vrobots_interface/install/ubi_vrobots_interface/lib/libubi_vrobots_interface__rosidl_typesupport_c.so
[0.915s] -- Up-to-date: /home/ubuntu/robot_ws/src/ubi_vrobots_interface/install/ubi_vrobots_interface/include/ubi_vrobots_interface/ubi_vrobots_interface
[0.915s] -- Up-to-date: /home/ubuntu/robot_ws/src/ubi_vrobots_interface/install/ubi_vrobots_interface/include/ubi_vrobots_interface/ubi_vrobots_interface/msg
[0.915s] -- Up-to-date: /home/ubuntu/robot_ws/src/ubi_vrobots_interface/install/ubi_vrobots_interface/include/ubi_vrobots_interface/ubi_vrobots_interface/msg/detail
[0.915s] -- Up-to-date: /home/ubuntu/robot_ws/src/ubi_vrobots_interface/install/ubi_vrobots_interface/include/ubi_vrobots_interface/ubi_vrobots_interface/msg/detail/v_robot_actuator__type_support.cpp
[0.915s] -- Up-to-date: /home/ubuntu/robot_ws/src/ubi_vrobots_interface/install/ubi_vrobots_interface/include/ubi_vrobots_interface/ubi_vrobots_interface/msg/detail/v_robot_states__rosidl_typesupport_introspection_cpp.hpp
[0.915s] -- Up-to-date: /home/ubuntu/robot_ws/src/ubi_vrobots_interface/install/ubi_vrobots_interface/include/ubi_vrobots_interface/ubi_vrobots_interface/msg/detail/v_robot_states__type_support.cpp
[0.916s] -- Up-to-date: /home/ubuntu/robot_ws/src/ubi_vrobots_interface/install/ubi_vrobots_interface/include/ubi_vrobots_interface/ubi_vrobots_interface/msg/detail/v_robot_actuator__rosidl_typesupport_introspection_cpp.hpp
[0.916s] -- Up-to-date: /home/ubuntu/robot_ws/src/ubi_vrobots_interface/install/ubi_vrobots_interface/lib/libubi_vrobots_interface__rosidl_typesupport_introspection_cpp.so
[0.916s] -- Up-to-date: /home/ubuntu/robot_ws/src/ubi_vrobots_interface/install/ubi_vrobots_interface/lib/libubi_vrobots_interface__rosidl_typesupport_cpp.so
[0.916s] -- Up-to-date: /home/ubuntu/robot_ws/src/ubi_vrobots_interface/install/ubi_vrobots_interface/share/ubi_vrobots_interface/environment/pythonpath.sh
[0.916s] -- Up-to-date: /home/ubuntu/robot_ws/src/ubi_vrobots_interface/install/ubi_vrobots_interface/share/ubi_vrobots_interface/environment/pythonpath.dsv
[0.916s] -- Up-to-date: /home/ubuntu/robot_ws/src/ubi_vrobots_interface/install/ubi_vrobots_interface/local/lib/python3.10/dist-packages/ubi_vrobots_interface-0.0.0-py3.10.egg-info
[0.916s] -- Installing: /home/ubuntu/robot_ws/src/ubi_vrobots_interface/install/ubi_vrobots_interface/local/lib/python3.10/dist-packages/ubi_vrobots_interface-0.0.0-py3.10.egg-info/PKG-INFO
[0.916s] -- Installing: /home/ubuntu/robot_ws/src/ubi_vrobots_interface/install/ubi_vrobots_interface/local/lib/python3.10/dist-packages/ubi_vrobots_interface-0.0.0-py3.10.egg-info/top_level.txt
[0.917s] -- Installing: /home/ubuntu/robot_ws/src/ubi_vrobots_interface/install/ubi_vrobots_interface/local/lib/python3.10/dist-packages/ubi_vrobots_interface-0.0.0-py3.10.egg-info/SOURCES.txt
[0.917s] -- Installing: /home/ubuntu/robot_ws/src/ubi_vrobots_interface/install/ubi_vrobots_interface/local/lib/python3.10/dist-packages/ubi_vrobots_interface-0.0.0-py3.10.egg-info/dependency_links.txt
[0.917s] -- Up-to-date: /home/ubuntu/robot_ws/src/ubi_vrobots_interface/install/ubi_vrobots_interface/local/lib/python3.10/dist-packages/ubi_vrobots_interface
[0.917s] -- Up-to-date: /home/ubuntu/robot_ws/src/ubi_vrobots_interface/install/ubi_vrobots_interface/local/lib/python3.10/dist-packages/ubi_vrobots_interface/_ubi_vrobots_interface_s.ep.rosidl_typesupport_introspection_c.c
[0.917s] -- Up-to-date: /home/ubuntu/robot_ws/src/ubi_vrobots_interface/install/ubi_vrobots_interface/local/lib/python3.10/dist-packages/ubi_vrobots_interface/ubi_vrobots_interface_s__rosidl_typesupport_c.cpython-310-x86_64-linux-gnu.so
[0.917s] -- Up-to-date: /home/ubuntu/robot_ws/src/ubi_vrobots_interface/install/ubi_vrobots_interface/local/lib/python3.10/dist-packages/ubi_vrobots_interface/ubi_vrobots_interface_s__rosidl_typesupport_fastrtps_c.cpython-310-x86_64-linux-gnu.so
[0.918s] -- Up-to-date: /home/ubuntu/robot_ws/src/ubi_vrobots_interface/install/ubi_vrobots_interface/local/lib/python3.10/dist-packages/ubi_vrobots_interface/msg
[0.918s] -- Up-to-date: /home/ubuntu/robot_ws/src/ubi_vrobots_interface/install/ubi_vrobots_interface/local/lib/python3.10/dist-packages/ubi_vrobots_interface/msg/_v_robot_actuator_s.c
[0.918s] -- Up-to-date: /home/ubuntu/robot_ws/src/ubi_vrobots_interface/install/ubi_vrobots_interface/local/lib/python3.10/dist-packages/ubi_vrobots_interface/msg/__init__.py
[0.918s] -- Up-to-date: /home/ubuntu/robot_ws/src/ubi_vrobots_interface/install/ubi_vrobots_interface/local/lib/python3.10/dist-packages/ubi_vrobots_interface/msg/_v_robot_states.py
[0.918s] -- Up-to-date: /home/ubuntu/robot_ws/src/ubi_vrobots_interface/install/ubi_vrobots_interface/local/lib/python3.10/dist-packages/ubi_vrobots_interface/msg/_v_robot_actuator.py
[0.918s] -- Up-to-date: /home/ubuntu/robot_ws/src/ubi_vrobots_interface/install/ubi_vrobots_interface/local/lib/python3.10/dist-packages/ubi_vrobots_interface/msg/_v_robot_states_s.c
[0.918s] -- Up-to-date: /home/ubuntu/robot_ws/src/ubi_vrobots_interface/install/ubi_vrobots_interface/local/lib/python3.10/dist-packages/ubi_vrobots_interface/_ubi_vrobots_interface_s.ep.rosidl_typesupport_fastrtps_c.c
[0.919s] -- Up-to-date: /home/ubuntu/robot_ws/src/ubi_vrobots_interface/install/ubi_vrobots_interface/local/lib/python3.10/dist-packages/ubi_vrobots_interface/__init__.py
[0.919s] -- Up-to-date: /home/ubuntu/robot_ws/src/ubi_vrobots_interface/install/ubi_vrobots_interface/local/lib/python3.10/dist-packages/ubi_vrobots_interface/_ubi_vrobots_interface_s.ep.rosidl_typesupport_c.c
[0.919s] -- Up-to-date: /home/ubuntu/robot_ws/src/ubi_vrobots_interface/install/ubi_vrobots_interface/local/lib/python3.10/dist-packages/ubi_vrobots_interface/ubi_vrobots_interface_s__rosidl_typesupport_introspection_c.cpython-310-x86_64-linux-gnu.so
[0.919s] -- Up-to-date: /home/ubuntu/robot_ws/src/ubi_vrobots_interface/install/ubi_vrobots_interface/local/lib/python3.10/dist-packages/ubi_vrobots_interface/libubi_vrobots_interface__rosidl_generator_py.so
[0.948s] Listing '/home/ubuntu/robot_ws/src/ubi_vrobots_interface/install/ubi_vrobots_interface/local/lib/python3.10/dist-packages/ubi_vrobots_interface'...
[0.948s] Listing '/home/ubuntu/robot_ws/src/ubi_vrobots_interface/install/ubi_vrobots_interface/local/lib/python3.10/dist-packages/ubi_vrobots_interface/msg'...
[0.953s] -- Up-to-date: /home/ubuntu/robot_ws/src/ubi_vrobots_interface/install/ubi_vrobots_interface/local/lib/python3.10/dist-packages/ubi_vrobots_interface/ubi_vrobots_interface_s__rosidl_typesupport_fastrtps_c.cpython-310-x86_64-linux-gnu.so
[0.954s] -- Up-to-date: /home/ubuntu/robot_ws/src/ubi_vrobots_interface/install/ubi_vrobots_interface/local/lib/python3.10/dist-packages/ubi_vrobots_interface/ubi_vrobots_interface_s__rosidl_typesupport_introspection_c.cpython-310-x86_64-linux-gnu.so
[0.955s] -- Up-to-date: /home/ubuntu/robot_ws/src/ubi_vrobots_interface/install/ubi_vrobots_interface/local/lib/python3.10/dist-packages/ubi_vrobots_interface/ubi_vrobots_interface_s__rosidl_typesupport_c.cpython-310-x86_64-linux-gnu.so
[0.956s] -- Up-to-date: /home/ubuntu/robot_ws/src/ubi_vrobots_interface/install/ubi_vrobots_interface/lib/libubi_vrobots_interface__rosidl_generator_py.so
[0.957s] -- Up-to-date: /home/ubuntu/robot_ws/src/ubi_vrobots_interface/install/ubi_vrobots_interface/share/ubi_vrobots_interface/msg/VRobotStates.idl
[0.958s] -- Up-to-date: /home/ubuntu/robot_ws/src/ubi_vrobots_interface/install/ubi_vrobots_interface/share/ubi_vrobots_interface/msg/VRobotActuator.idl
[0.958s] -- Up-to-date: /home/ubuntu/robot_ws/src/ubi_vrobots_interface/install/ubi_vrobots_interface/share/ubi_vrobots_interface/msg/VRobotStates.msg
[0.958s] -- Up-to-date: /home/ubuntu/robot_ws/src/ubi_vrobots_interface/install/ubi_vrobots_interface/share/ubi_vrobots_interface/msg/VRobotActuator.msg
[0.958s] -- Up-to-date: /home/ubuntu/robot_ws/src/ubi_vrobots_interface/install/ubi_vrobots_interface/share/ament_index/resource_index/package_run_dependencies/ubi_vrobots_interface
[0.959s] -- Up-to-date: /home/ubuntu/robot_ws/src/ubi_vrobots_interface/install/ubi_vrobots_interface/share/ament_index/resource_index/parent_prefix_path/ubi_vrobots_interface
[0.959s] -- Up-to-date: /home/ubuntu/robot_ws/src/ubi_vrobots_interface/install/ubi_vrobots_interface/share/ubi_vrobots_interface/environment/ament_prefix_path.sh
[0.959s] -- Up-to-date: /home/ubuntu/robot_ws/src/ubi_vrobots_interface/install/ubi_vrobots_interface/share/ubi_vrobots_interface/environment/ament_prefix_path.dsv
[0.959s] -- Up-to-date: /home/ubuntu/robot_ws/src/ubi_vrobots_interface/install/ubi_vrobots_interface/share/ubi_vrobots_interface/environment/path.sh
[0.960s] -- Up-to-date: /home/ubuntu/robot_ws/src/ubi_vrobots_interface/install/ubi_vrobots_interface/share/ubi_vrobots_interface/environment/path.dsv
[0.960s] -- Up-to-date: /home/ubuntu/robot_ws/src/ubi_vrobots_interface/install/ubi_vrobots_interface/share/ubi_vrobots_interface/local_setup.bash
[0.960s] -- Up-to-date: /home/ubuntu/robot_ws/src/ubi_vrobots_interface/install/ubi_vrobots_interface/share/ubi_vrobots_interface/local_setup.sh
[0.960s] -- Up-to-date: /home/ubuntu/robot_ws/src/ubi_vrobots_interface/install/ubi_vrobots_interface/share/ubi_vrobots_interface/local_setup.zsh
[0.961s] -- Up-to-date: /home/ubuntu/robot_ws/src/ubi_vrobots_interface/install/ubi_vrobots_interface/share/ubi_vrobots_interface/local_setup.dsv
[0.961s] -- Installing: /home/ubuntu/robot_ws/src/ubi_vrobots_interface/install/ubi_vrobots_interface/share/ubi_vrobots_interface/package.dsv
[0.961s] -- Up-to-date: /home/ubuntu/robot_ws/src/ubi_vrobots_interface/install/ubi_vrobots_interface/share/ament_index/resource_index/packages/ubi_vrobots_interface
[0.961s] -- Up-to-date: /home/ubuntu/robot_ws/src/ubi_vrobots_interface/install/ubi_vrobots_interface/share/ubi_vrobots_interface/cmake/export_ubi_vrobots_interface__rosidl_generator_cExport.cmake
[0.962s] -- Up-to-date: /home/ubuntu/robot_ws/src/ubi_vrobots_interface/install/ubi_vrobots_interface/share/ubi_vrobots_interface/cmake/export_ubi_vrobots_interface__rosidl_generator_cExport-noconfig.cmake
[0.962s] -- Up-to-date: /home/ubuntu/robot_ws/src/ubi_vrobots_interface/install/ubi_vrobots_interface/share/ubi_vrobots_interface/cmake/export_ubi_vrobots_interface__rosidl_typesupport_fastrtps_cExport.cmake
[0.962s] -- Up-to-date: /home/ubuntu/robot_ws/src/ubi_vrobots_interface/install/ubi_vrobots_interface/share/ubi_vrobots_interface/cmake/export_ubi_vrobots_interface__rosidl_typesupport_fastrtps_cExport-noconfig.cmake
[0.963s] -- Up-to-date: /home/ubuntu/robot_ws/src/ubi_vrobots_interface/install/ubi_vrobots_interface/share/ubi_vrobots_interface/cmake/export_ubi_vrobots_interface__rosidl_generator_cppExport.cmake
[0.963s] -- Up-to-date: /home/ubuntu/robot_ws/src/ubi_vrobots_interface/install/ubi_vrobots_interface/share/ubi_vrobots_interface/cmake/export_ubi_vrobots_interface__rosidl_typesupport_fastrtps_cppExport.cmake
[0.963s] -- Up-to-date: /home/ubuntu/robot_ws/src/ubi_vrobots_interface/install/ubi_vrobots_interface/share/ubi_vrobots_interface/cmake/export_ubi_vrobots_interface__rosidl_typesupport_fastrtps_cppExport-noconfig.cmake
[0.963s] -- Up-to-date: /home/ubuntu/robot_ws/src/ubi_vrobots_interface/install/ubi_vrobots_interface/share/ubi_vrobots_interface/cmake/ubi_vrobots_interface__rosidl_typesupport_introspection_cExport.cmake
[0.963s] -- Up-to-date: /home/ubuntu/robot_ws/src/ubi_vrobots_interface/install/ubi_vrobots_interface/share/ubi_vrobots_interface/cmake/ubi_vrobots_interface__rosidl_typesupport_introspection_cExport-noconfig.cmake
[0.964s] -- Up-to-date: /home/ubuntu/robot_ws/src/ubi_vrobots_interface/install/ubi_vrobots_interface/share/ubi_vrobots_interface/cmake/ubi_vrobots_interface__rosidl_typesupport_cExport.cmake
[0.964s] -- Up-to-date: /home/ubuntu/robot_ws/src/ubi_vrobots_interface/install/ubi_vrobots_interface/share/ubi_vrobots_interface/cmake/ubi_vrobots_interface__rosidl_typesupport_cExport-noconfig.cmake
[0.965s] -- Up-to-date: /home/ubuntu/robot_ws/src/ubi_vrobots_interface/install/ubi_vrobots_interface/share/ubi_vrobots_interface/cmake/ubi_vrobots_interface__rosidl_typesupport_introspection_cppExport.cmake
[0.965s] -- Up-to-date: /home/ubuntu/robot_ws/src/ubi_vrobots_interface/install/ubi_vrobots_interface/share/ubi_vrobots_interface/cmake/ubi_vrobots_interface__rosidl_typesupport_introspection_cppExport-noconfig.cmake
[0.965s] -- Up-to-date: /home/ubuntu/robot_ws/src/ubi_vrobots_interface/install/ubi_vrobots_interface/share/ubi_vrobots_interface/cmake/ubi_vrobots_interface__rosidl_typesupport_cppExport.cmake
[0.965s] -- Up-to-date: /home/ubuntu/robot_ws/src/ubi_vrobots_interface/install/ubi_vrobots_interface/share/ubi_vrobots_interface/cmake/ubi_vrobots_interface__rosidl_typesupport_cppExport-noconfig.cmake
[0.966s] -- Up-to-date: /home/ubuntu/robot_ws/src/ubi_vrobots_interface/install/ubi_vrobots_interface/share/ubi_vrobots_interface/cmake/export_ubi_vrobots_interface__rosidl_generator_pyExport.cmake
[0.966s] -- Up-to-date: /home/ubuntu/robot_ws/src/ubi_vrobots_interface/install/ubi_vrobots_interface/share/ubi_vrobots_interface/cmake/export_ubi_vrobots_interface__rosidl_generator_pyExport-noconfig.cmake
[0.966s] -- Up-to-date: /home/ubuntu/robot_ws/src/ubi_vrobots_interface/install/ubi_vrobots_interface/share/ubi_vrobots_interface/cmake/rosidl_cmake-extras.cmake
[0.966s] -- Up-to-date: /home/ubuntu/robot_ws/src/ubi_vrobots_interface/install/ubi_vrobots_interface/share/ubi_vrobots_interface/cmake/ament_cmake_export_dependencies-extras.cmake
[0.967s] -- Up-to-date: /home/ubuntu/robot_ws/src/ubi_vrobots_interface/install/ubi_vrobots_interface/share/ubi_vrobots_interface/cmake/ament_cmake_export_include_directories-extras.cmake
[0.967s] -- Up-to-date: /home/ubuntu/robot_ws/src/ubi_vrobots_interface/install/ubi_vrobots_interface/share/ubi_vrobots_interface/cmake/ament_cmake_export_libraries-extras.cmake
[0.967s] -- Up-to-date: /home/ubuntu/robot_ws/src/ubi_vrobots_interface/install/ubi_vrobots_interface/share/ubi_vrobots_interface/cmake/ament_cmake_export_targets-extras.cmake
[0.967s] -- Up-to-date: /home/ubuntu/robot_ws/src/ubi_vrobots_interface/install/ubi_vrobots_interface/share/ubi_vrobots_interface/cmake/rosidl_cmake_export_typesupport_targets-extras.cmake
[0.967s] -- Up-to-date: /home/ubuntu/robot_ws/src/ubi_vrobots_interface/install/ubi_vrobots_interface/share/ubi_vrobots_interface/cmake/rosidl_cmake_export_typesupport_libraries-extras.cmake
[0.967s] -- Up-to-date: /home/ubuntu/robot_ws/src/ubi_vrobots_interface/install/ubi_vrobots_interface/share/ubi_vrobots_interface/cmake/ubi_vrobots_interfaceConfig.cmake
[0.968s] -- Up-to-date: /home/ubuntu/robot_ws/src/ubi_vrobots_interface/install/ubi_vrobots_interface/share/ubi_vrobots_interface/cmake/ubi_vrobots_interfaceConfig-version.cmake
[0.968s] -- Up-to-date: /home/ubuntu/robot_ws/src/ubi_vrobots_interface/install/ubi_vrobots_interface/share/ubi_vrobots_interface/package.xml
[0.973s] Invoked command in '/home/ubuntu/robot_ws/src/ubi_vrobots_interface/build/ubi_vrobots_interface' returned '0': CMAKE_PREFIX_PATH=/opt/ros/humble /usr/bin/cmake --install /home/ubuntu/robot_ws/src/ubi_vrobots_interface/build/ubi_vrobots_interface
