[0.061s] Invoking command in '/home/ubuntu/robot_ws/src/ubi_vrobots_interface/build/ubi_vrobots_interface': CMAKE_PREFIX_PATH=/opt/ros/humble /usr/bin/cmake /home/ubuntu/robot_ws/src/ubi_vrobots_interface -DCMAKE_INSTALL_PREFIX=/home/ubuntu/robot_ws/src/ubi_vrobots_interface/install/ubi_vrobots_interface
[0.192s] -- The C compiler identification is GNU 11.4.0
[0.298s] -- The CXX compiler identification is GNU 11.4.0
[0.318s] -- Detecting C compiler ABI info
[0.471s] -- Detecting C compiler ABI info - done
[0.492s] -- Check for working C compiler: /usr/bin/cc - skipped
[0.492s] -- Detecting C compile features
[0.493s] -- Detecting C compile features - done
[0.498s] -- Detecting CXX compiler ABI info
[0.677s] -- Detecting CXX compiler ABI info - done
[0.685s] -- Check for working CXX compiler: /usr/bin/c++ - skipped
[0.685s] -- Detecting CXX compile features
[0.685s] -- Detecting CXX compile features - done
[0.689s] -- Found ament_cmake: 1.3.8 (/opt/ros/humble/share/ament_cmake/cmake)
[0.960s] -- Found Python3: /usr/bin/python3 (found version "3.10.12") found components: Interpreter 
[1.078s] -- Found builtin_interfaces: 1.2.1 (/opt/ros/humble/share/builtin_interfaces/cmake)
[1.141s] -- Found rosidl_generator_c: 3.1.5 (/opt/ros/humble/share/rosidl_generator_c/cmake)
[1.148s] -- Found rosidl_adapter: 3.1.5 (/opt/ros/humble/share/rosidl_adapter/cmake)
[1.157s] -- Found rosidl_generator_cpp: 3.1.5 (/opt/ros/humble/share/rosidl_generator_cpp/cmake)
[1.171s] -- Using all available rosidl_typesupport_c: rosidl_typesupport_fastrtps_c;rosidl_typesupport_introspection_c
[1.190s] -- Using all available rosidl_typesupport_cpp: rosidl_typesupport_fastrtps_cpp;rosidl_typesupport_introspection_cpp
[1.209s] -- Found rosidl_default_generators: 1.2.0 (/opt/ros/humble/share/rosidl_default_generators/cmake)
[1.219s] -- Found geometry_msgs: 4.2.3 (/opt/ros/humble/share/geometry_msgs/cmake)
[1.764s] -- Found ament_cmake_ros: 0.10.0 (/opt/ros/humble/share/ament_cmake_ros/cmake)
[2.531s] -- Using all available rosidl_typesupport_c: rosidl_typesupport_fastrtps_c;rosidl_typesupport_introspection_c
[2.778s] -- Using all available rosidl_typesupport_cpp: rosidl_typesupport_fastrtps_cpp;rosidl_typesupport_introspection_cpp
[2.810s] -- Found PythonInterp: /usr/bin/python3 (found suitable version "3.10.12", minimum required is "3.6") 
[2.814s] -- Found python_cmake_module: 0.10.0 (/opt/ros/humble/share/python_cmake_module/cmake)
[2.878s] -- Found PythonLibs: /usr/lib/x86_64-linux-gnu/libpython3.10.so (found suitable version "3.10.12", minimum required is "3.5") 
[2.879s] -- Using PYTHON_EXECUTABLE: /usr/bin/python3
[2.879s] -- Using PYTHON_INCLUDE_DIRS: /usr/include/python3.10
[2.879s] -- Using PYTHON_LIBRARIES: /usr/lib/x86_64-linux-gnu/libpython3.10.so
[2.915s] -- Found PythonExtra: .so  
[3.000s] -- Found ament_lint_auto: 0.12.10 (/opt/ros/humble/share/ament_lint_auto/cmake)
[3.029s] -- Added test 'copyright' to check source files copyright and LICENSE
[3.048s] -- Added test 'cppcheck' to perform static code analysis on C / C++ code
[3.048s] -- Configured cppcheck include dirs: $<BUILD_INTERFACE:/home/ubuntu/robot_ws/src/ubi_vrobots_interface/build/ubi_vrobots_interface/rosidl_generator_c>;$<BUILD_INTERFACE:/home/ubuntu/robot_ws/src/ubi_vrobots_interface/build/ubi_vrobots_interface/rosidl_typesupport_fastrtps_c>;$<BUILD_INTERFACE:/home/ubuntu/robot_ws/src/ubi_vrobots_interface/build/ubi_vrobots_interface/rosidl_generator_cpp>;$<BUILD_INTERFACE:/home/ubuntu/robot_ws/src/ubi_vrobots_interface/build/ubi_vrobots_interface/rosidl_typesupport_fastrtps_cpp>;$<BUILD_INTERFACE:/home/ubuntu/robot_ws/src/ubi_vrobots_interface/build/ubi_vrobots_interface/rosidl_typesupport_introspection_c>;$<BUILD_INTERFACE:/home/ubuntu/robot_ws/src/ubi_vrobots_interface/build/ubi_vrobots_interface/rosidl_typesupport_introspection_cpp>;/home/ubuntu/robot_ws/src/ubi_vrobots_interface/build/ubi_vrobots_interface/rosidl_generator_c;/home/ubuntu/robot_ws/src/ubi_vrobots_interface/build/ubi_vrobots_interface/rosidl_generator_py
[3.048s] -- Configured cppcheck exclude dirs and/or files: 
[3.065s] -- Added test 'cpplint' to check C / C++ code against the Google style
[3.065s] -- Configured cpplint exclude dirs and/or files: 
[3.067s] -- Added test 'flake8' to check Python code syntax and style conventions
[3.072s] -- Added test 'lint_cmake' to check CMake code style
[3.074s] -- Added test 'pep257' to check Python code against some of the docstring style conventions in PEP 257
[3.092s] -- Added test 'uncrustify' to check C / C++ code style
[3.092s] -- Configured uncrustify additional arguments: 
[3.094s] -- Added test 'xmllint' to check XML markup files
[3.098s] -- Configuring done
[3.147s] -- Generating done
[3.149s] -- Build files have been written to: /home/ubuntu/robot_ws/src/ubi_vrobots_interface/build/ubi_vrobots_interface
[3.162s] Invoked command in '/home/ubuntu/robot_ws/src/ubi_vrobots_interface/build/ubi_vrobots_interface' returned '0': CMAKE_PREFIX_PATH=/opt/ros/humble /usr/bin/cmake /home/ubuntu/robot_ws/src/ubi_vrobots_interface -DCMAKE_INSTALL_PREFIX=/home/ubuntu/robot_ws/src/ubi_vrobots_interface/install/ubi_vrobots_interface
[3.167s] Invoking command in '/home/ubuntu/robot_ws/src/ubi_vrobots_interface/build/ubi_vrobots_interface': CMAKE_PREFIX_PATH=/opt/ros/humble /usr/bin/cmake --build /home/ubuntu/robot_ws/src/ubi_vrobots_interface/build/ubi_vrobots_interface -- -j28 -l28
[3.278s] [  2%] [34m[1mGenerating C code for ROS interfaces[0m
[3.299s] [  5%] [34m[1mGenerating C++ code for ROS interfaces[0m
[3.316s] [  5%] Built target ament_cmake_python_copy_ubi_vrobots_interface
[3.559s] running egg_info
[3.559s] creating ubi_vrobots_interface.egg-info
[3.560s] writing ubi_vrobots_interface.egg-info/PKG-INFO
[3.560s] writing dependency_links to ubi_vrobots_interface.egg-info/dependency_links.txt
[3.560s] writing top-level names to ubi_vrobots_interface.egg-info/top_level.txt
[3.560s] writing manifest file 'ubi_vrobots_interface.egg-info/SOURCES.txt'
[3.562s] reading manifest file 'ubi_vrobots_interface.egg-info/SOURCES.txt'
[3.563s] writing manifest file 'ubi_vrobots_interface.egg-info/SOURCES.txt'
[3.602s] [  5%] Built target ament_cmake_python_build_ubi_vrobots_interface_egg
[3.612s] [  5%] Built target ubi_vrobots_interface__cpp
[3.623s] [  7%] [32mBuilding C object CMakeFiles/ubi_vrobots_interface__rosidl_generator_c.dir/rosidl_generator_c/ubi_vrobots_interface/msg/detail/v_robot_states__functions.c.o[0m
[3.624s] [ 10%] [32mBuilding C object CMakeFiles/ubi_vrobots_interface__rosidl_generator_c.dir/rosidl_generator_c/ubi_vrobots_interface/msg/detail/v_robot_actuator__functions.c.o[0m
[3.637s] [ 12%] [34m[1mGenerating C++ introspection for ROS interfaces[0m
[3.639s] [ 15%] [34m[1mGenerating C++ type support dispatch for ROS interfaces[0m
[3.639s] [ 17%] [34m[1mGenerating C++ type support for eProsima Fast-RTPS[0m
[3.730s] [ 20%] [32m[1mLinking C shared library libubi_vrobots_interface__rosidl_generator_c.so[0m
[3.823s] [ 20%] Built target ubi_vrobots_interface__rosidl_generator_c
[3.843s] [ 23%] [34m[1mGenerating C introspection for ROS interfaces[0m
[3.849s] [ 25%] [34m[1mGenerating C type support for eProsima Fast-RTPS[0m
[3.852s] [ 28%] [34m[1mGenerating C type support dispatch for ROS interfaces[0m
[3.935s] [ 30%] [32mBuilding CXX object CMakeFiles/ubi_vrobots_interface__rosidl_typesupport_cpp.dir/rosidl_typesupport_cpp/ubi_vrobots_interface/msg/v_robot_actuator__type_support.cpp.o[0m
[3.940s] [ 33%] [32mBuilding CXX object CMakeFiles/ubi_vrobots_interface__rosidl_typesupport_cpp.dir/rosidl_typesupport_cpp/ubi_vrobots_interface/msg/v_robot_states__type_support.cpp.o[0m
[3.950s] [ 35%] [32mBuilding CXX object CMakeFiles/ubi_vrobots_interface__rosidl_typesupport_introspection_cpp.dir/rosidl_typesupport_introspection_cpp/ubi_vrobots_interface/msg/detail/v_robot_actuator__type_support.cpp.o[0m
[3.954s] [ 38%] [32mBuilding CXX object CMakeFiles/ubi_vrobots_interface__rosidl_typesupport_fastrtps_cpp.dir/rosidl_typesupport_fastrtps_cpp/ubi_vrobots_interface/msg/detail/dds_fastrtps/v_robot_actuator__type_support.cpp.o[0m
[3.956s] [ 41%] [32mBuilding CXX object CMakeFiles/ubi_vrobots_interface__rosidl_typesupport_introspection_cpp.dir/rosidl_typesupport_introspection_cpp/ubi_vrobots_interface/msg/detail/v_robot_states__type_support.cpp.o[0m
[3.959s] [ 43%] [32mBuilding CXX object CMakeFiles/ubi_vrobots_interface__rosidl_typesupport_fastrtps_cpp.dir/rosidl_typesupport_fastrtps_cpp/ubi_vrobots_interface/msg/detail/dds_fastrtps/v_robot_states__type_support.cpp.o[0m
[4.130s] [ 46%] [32mBuilding CXX object CMakeFiles/ubi_vrobots_interface__rosidl_typesupport_c.dir/rosidl_typesupport_c/ubi_vrobots_interface/msg/v_robot_actuator__type_support.cpp.o[0m
[4.130s] [ 48%] [32mBuilding CXX object CMakeFiles/ubi_vrobots_interface__rosidl_typesupport_c.dir/rosidl_typesupport_c/ubi_vrobots_interface/msg/v_robot_states__type_support.cpp.o[0m
[4.138s] [ 51%] [32mBuilding C object CMakeFiles/ubi_vrobots_interface__rosidl_typesupport_introspection_c.dir/rosidl_typesupport_introspection_c/ubi_vrobots_interface/msg/detail/v_robot_actuator__type_support.c.o[0m
[4.145s] [ 53%] [32mBuilding C object CMakeFiles/ubi_vrobots_interface__rosidl_typesupport_introspection_c.dir/rosidl_typesupport_introspection_c/ubi_vrobots_interface/msg/detail/v_robot_states__type_support.c.o[0m
[4.170s] [ 56%] [32mBuilding CXX object CMakeFiles/ubi_vrobots_interface__rosidl_typesupport_fastrtps_c.dir/rosidl_typesupport_fastrtps_c/ubi_vrobots_interface/msg/detail/v_robot_states__type_support_c.cpp.o[0m
[4.171s] [ 58%] [32mBuilding CXX object CMakeFiles/ubi_vrobots_interface__rosidl_typesupport_fastrtps_c.dir/rosidl_typesupport_fastrtps_c/ubi_vrobots_interface/msg/detail/v_robot_actuator__type_support_c.cpp.o[0m
[4.186s] [ 61%] [32m[1mLinking CXX shared library libubi_vrobots_interface__rosidl_typesupport_c.so[0m
[4.207s] [ 64%] [32m[1mLinking C shared library libubi_vrobots_interface__rosidl_typesupport_introspection_c.so[0m
[4.251s] [ 64%] Built target ubi_vrobots_interface__rosidl_typesupport_c
[4.252s] [ 66%] [32m[1mLinking CXX shared library libubi_vrobots_interface__rosidl_typesupport_cpp.so[0m
[4.258s] [ 66%] Built target ubi_vrobots_interface__rosidl_typesupport_introspection_c
[4.331s] [ 66%] Built target ubi_vrobots_interface__rosidl_typesupport_cpp
[4.417s] [ 69%] [32m[1mLinking CXX shared library libubi_vrobots_interface__rosidl_typesupport_introspection_cpp.so[0m
[4.435s] [ 71%] [32m[1mLinking CXX shared library libubi_vrobots_interface__rosidl_typesupport_fastrtps_cpp.so[0m
[4.530s] [ 74%] [32m[1mLinking CXX shared library libubi_vrobots_interface__rosidl_typesupport_fastrtps_c.so[0m
[4.550s] [ 74%] Built target ubi_vrobots_interface__rosidl_typesupport_introspection_cpp
[4.570s] [ 74%] Built target ubi_vrobots_interface__rosidl_typesupport_fastrtps_cpp
[4.638s] [ 74%] Built target ubi_vrobots_interface__rosidl_typesupport_fastrtps_c
[4.692s] [ 74%] Built target ubi_vrobots_interface
[4.737s] [ 76%] [34m[1mGenerating Python code for ROS interfaces[0m
[5.203s] [ 76%] Built target ubi_vrobots_interface__py
[5.245s] [ 79%] [32mBuilding C object CMakeFiles/ubi_vrobots_interface__rosidl_generator_py.dir/rosidl_generator_py/ubi_vrobots_interface/msg/_v_robot_states_s.c.o[0m
[5.248s] [ 82%] [32mBuilding C object CMakeFiles/ubi_vrobots_interface__rosidl_generator_py.dir/rosidl_generator_py/ubi_vrobots_interface/msg/_v_robot_actuator_s.c.o[0m
[5.406s] [ 84%] [32m[1mLinking C shared library rosidl_generator_py/ubi_vrobots_interface/libubi_vrobots_interface__rosidl_generator_py.so[0m
[5.502s] [ 84%] Built target ubi_vrobots_interface__rosidl_generator_py
[5.554s] [ 89%] [32mBuilding C object CMakeFiles/ubi_vrobots_interface__rosidl_typesupport_c__pyext.dir/rosidl_generator_py/ubi_vrobots_interface/_ubi_vrobots_interface_s.ep.rosidl_typesupport_c.c.o[0m
[5.554s] [ 89%] [32mBuilding C object CMakeFiles/ubi_vrobots_interface__rosidl_typesupport_introspection_c__pyext.dir/rosidl_generator_py/ubi_vrobots_interface/_ubi_vrobots_interface_s.ep.rosidl_typesupport_introspection_c.c.o[0m
[5.557s] [ 92%] [32mBuilding C object CMakeFiles/ubi_vrobots_interface__rosidl_typesupport_fastrtps_c__pyext.dir/rosidl_generator_py/ubi_vrobots_interface/_ubi_vrobots_interface_s.ep.rosidl_typesupport_fastrtps_c.c.o[0m
[5.692s] [ 94%] [32m[1mLinking C shared library rosidl_generator_py/ubi_vrobots_interface/ubi_vrobots_interface_s__rosidl_typesupport_introspection_c.cpython-310-x86_64-linux-gnu.so[0m
[5.692s] [ 97%] [32m[1mLinking C shared library rosidl_generator_py/ubi_vrobots_interface/ubi_vrobots_interface_s__rosidl_typesupport_c.cpython-310-x86_64-linux-gnu.so[0m
[5.721s] [100%] [32m[1mLinking C shared library rosidl_generator_py/ubi_vrobots_interface/ubi_vrobots_interface_s__rosidl_typesupport_fastrtps_c.cpython-310-x86_64-linux-gnu.so[0m
[5.774s] [100%] Built target ubi_vrobots_interface__rosidl_typesupport_introspection_c__pyext
[5.777s] [100%] Built target ubi_vrobots_interface__rosidl_typesupport_c__pyext
[5.811s] [100%] Built target ubi_vrobots_interface__rosidl_typesupport_fastrtps_c__pyext
[5.839s] Invoked command in '/home/ubuntu/robot_ws/src/ubi_vrobots_interface/build/ubi_vrobots_interface' returned '0': CMAKE_PREFIX_PATH=/opt/ros/humble /usr/bin/cmake --build /home/ubuntu/robot_ws/src/ubi_vrobots_interface/build/ubi_vrobots_interface -- -j28 -l28
[6.119s] Invoking command in '/home/ubuntu/robot_ws/src/ubi_vrobots_interface/build/ubi_vrobots_interface': CMAKE_PREFIX_PATH=/opt/ros/humble /usr/bin/cmake --install /home/ubuntu/robot_ws/src/ubi_vrobots_interface/build/ubi_vrobots_interface
[6.139s] -- Install configuration: ""
[6.139s] -- Installing: /home/ubuntu/robot_ws/src/ubi_vrobots_interface/install/ubi_vrobots_interface/share/ament_index/resource_index/rosidl_interfaces/ubi_vrobots_interface
[6.140s] -- Installing: /home/ubuntu/robot_ws/src/ubi_vrobots_interface/install/ubi_vrobots_interface/include/ubi_vrobots_interface/ubi_vrobots_interface
[6.141s] -- Installing: /home/ubuntu/robot_ws/src/ubi_vrobots_interface/install/ubi_vrobots_interface/include/ubi_vrobots_interface/ubi_vrobots_interface/msg
[6.141s] -- Installing: /home/ubuntu/robot_ws/src/ubi_vrobots_interface/install/ubi_vrobots_interface/include/ubi_vrobots_interface/ubi_vrobots_interface/msg/detail
[6.141s] -- Installing: /home/ubuntu/robot_ws/src/ubi_vrobots_interface/install/ubi_vrobots_interface/include/ubi_vrobots_interface/ubi_vrobots_interface/msg/detail/v_robot_actuator__type_support.h
[6.143s] -- Installing: /home/ubuntu/robot_ws/src/ubi_vrobots_interface/install/ubi_vrobots_interface/include/ubi_vrobots_interface/ubi_vrobots_interface/msg/detail/v_robot_actuator__struct.h
[6.143s] -- Installing: /home/ubuntu/robot_ws/src/ubi_vrobots_interface/install/ubi_vrobots_interface/include/ubi_vrobots_interface/ubi_vrobots_interface/msg/detail/v_robot_states__type_support.h
[6.143s] -- Installing: /home/ubuntu/robot_ws/src/ubi_vrobots_interface/install/ubi_vrobots_interface/include/ubi_vrobots_interface/ubi_vrobots_interface/msg/detail/v_robot_actuator__functions.c
[6.144s] -- Installing: /home/ubuntu/robot_ws/src/ubi_vrobots_interface/install/ubi_vrobots_interface/include/ubi_vrobots_interface/ubi_vrobots_interface/msg/detail/v_robot_actuator__functions.h
[6.144s] -- Installing: /home/ubuntu/robot_ws/src/ubi_vrobots_interface/install/ubi_vrobots_interface/include/ubi_vrobots_interface/ubi_vrobots_interface/msg/detail/v_robot_states__struct.h
[6.145s] -- Installing: /home/ubuntu/robot_ws/src/ubi_vrobots_interface/install/ubi_vrobots_interface/include/ubi_vrobots_interface/ubi_vrobots_interface/msg/detail/v_robot_states__functions.h
[6.145s] -- Installing: /home/ubuntu/robot_ws/src/ubi_vrobots_interface/install/ubi_vrobots_interface/include/ubi_vrobots_interface/ubi_vrobots_interface/msg/detail/v_robot_states__functions.c
[6.146s] -- Installing: /home/ubuntu/robot_ws/src/ubi_vrobots_interface/install/ubi_vrobots_interface/include/ubi_vrobots_interface/ubi_vrobots_interface/msg/rosidl_generator_c__visibility_control.h
[6.146s] -- Installing: /home/ubuntu/robot_ws/src/ubi_vrobots_interface/install/ubi_vrobots_interface/include/ubi_vrobots_interface/ubi_vrobots_interface/msg/v_robot_actuator.h
[6.147s] -- Installing: /home/ubuntu/robot_ws/src/ubi_vrobots_interface/install/ubi_vrobots_interface/include/ubi_vrobots_interface/ubi_vrobots_interface/msg/v_robot_states.h
[6.148s] -- Installing: /home/ubuntu/robot_ws/src/ubi_vrobots_interface/install/ubi_vrobots_interface/share/ubi_vrobots_interface/environment/library_path.sh
[6.149s] -- Installing: /home/ubuntu/robot_ws/src/ubi_vrobots_interface/install/ubi_vrobots_interface/share/ubi_vrobots_interface/environment/library_path.dsv
[6.149s] -- Installing: /home/ubuntu/robot_ws/src/ubi_vrobots_interface/install/ubi_vrobots_interface/lib/libubi_vrobots_interface__rosidl_generator_c.so
[6.152s] -- Set runtime path of "/home/ubuntu/robot_ws/src/ubi_vrobots_interface/install/ubi_vrobots_interface/lib/libubi_vrobots_interface__rosidl_generator_c.so" to ""
[6.152s] -- Up-to-date: /home/ubuntu/robot_ws/src/ubi_vrobots_interface/install/ubi_vrobots_interface/include/ubi_vrobots_interface/ubi_vrobots_interface
[6.152s] -- Up-to-date: /home/ubuntu/robot_ws/src/ubi_vrobots_interface/install/ubi_vrobots_interface/include/ubi_vrobots_interface/ubi_vrobots_interface/msg
[6.152s] -- Up-to-date: /home/ubuntu/robot_ws/src/ubi_vrobots_interface/install/ubi_vrobots_interface/include/ubi_vrobots_interface/ubi_vrobots_interface/msg/detail
[6.152s] -- Installing: /home/ubuntu/robot_ws/src/ubi_vrobots_interface/install/ubi_vrobots_interface/include/ubi_vrobots_interface/ubi_vrobots_interface/msg/detail/v_robot_actuator__rosidl_typesupport_fastrtps_c.h
[6.153s] -- Installing: /home/ubuntu/robot_ws/src/ubi_vrobots_interface/install/ubi_vrobots_interface/include/ubi_vrobots_interface/ubi_vrobots_interface/msg/detail/v_robot_states__rosidl_typesupport_fastrtps_c.h
[6.153s] -- Installing: /home/ubuntu/robot_ws/src/ubi_vrobots_interface/install/ubi_vrobots_interface/include/ubi_vrobots_interface/ubi_vrobots_interface/msg/rosidl_typesupport_fastrtps_c__visibility_control.h
[6.153s] -- Installing: /home/ubuntu/robot_ws/src/ubi_vrobots_interface/install/ubi_vrobots_interface/lib/libubi_vrobots_interface__rosidl_typesupport_fastrtps_c.so
[6.154s] -- Set runtime path of "/home/ubuntu/robot_ws/src/ubi_vrobots_interface/install/ubi_vrobots_interface/lib/libubi_vrobots_interface__rosidl_typesupport_fastrtps_c.so" to ""
[6.155s] -- Up-to-date: /home/ubuntu/robot_ws/src/ubi_vrobots_interface/install/ubi_vrobots_interface/include/ubi_vrobots_interface/ubi_vrobots_interface
[6.155s] -- Up-to-date: /home/ubuntu/robot_ws/src/ubi_vrobots_interface/install/ubi_vrobots_interface/include/ubi_vrobots_interface/ubi_vrobots_interface/msg
[6.155s] -- Up-to-date: /home/ubuntu/robot_ws/src/ubi_vrobots_interface/install/ubi_vrobots_interface/include/ubi_vrobots_interface/ubi_vrobots_interface/msg/detail
[6.155s] -- Installing: /home/ubuntu/robot_ws/src/ubi_vrobots_interface/install/ubi_vrobots_interface/include/ubi_vrobots_interface/ubi_vrobots_interface/msg/detail/v_robot_actuator__traits.hpp
[6.156s] -- Installing: /home/ubuntu/robot_ws/src/ubi_vrobots_interface/install/ubi_vrobots_interface/include/ubi_vrobots_interface/ubi_vrobots_interface/msg/detail/v_robot_actuator__struct.hpp
[6.156s] -- Installing: /home/ubuntu/robot_ws/src/ubi_vrobots_interface/install/ubi_vrobots_interface/include/ubi_vrobots_interface/ubi_vrobots_interface/msg/detail/v_robot_states__traits.hpp
[6.156s] -- Installing: /home/ubuntu/robot_ws/src/ubi_vrobots_interface/install/ubi_vrobots_interface/include/ubi_vrobots_interface/ubi_vrobots_interface/msg/detail/v_robot_states__struct.hpp
[6.156s] -- Installing: /home/ubuntu/robot_ws/src/ubi_vrobots_interface/install/ubi_vrobots_interface/include/ubi_vrobots_interface/ubi_vrobots_interface/msg/detail/v_robot_actuator__builder.hpp
[6.156s] -- Installing: /home/ubuntu/robot_ws/src/ubi_vrobots_interface/install/ubi_vrobots_interface/include/ubi_vrobots_interface/ubi_vrobots_interface/msg/detail/v_robot_states__builder.hpp
[6.156s] -- Installing: /home/ubuntu/robot_ws/src/ubi_vrobots_interface/install/ubi_vrobots_interface/include/ubi_vrobots_interface/ubi_vrobots_interface/msg/v_robot_actuator.hpp
[6.157s] -- Installing: /home/ubuntu/robot_ws/src/ubi_vrobots_interface/install/ubi_vrobots_interface/include/ubi_vrobots_interface/ubi_vrobots_interface/msg/v_robot_states.hpp
[6.157s] -- Up-to-date: /home/ubuntu/robot_ws/src/ubi_vrobots_interface/install/ubi_vrobots_interface/include/ubi_vrobots_interface/ubi_vrobots_interface
[6.157s] -- Up-to-date: /home/ubuntu/robot_ws/src/ubi_vrobots_interface/install/ubi_vrobots_interface/include/ubi_vrobots_interface/ubi_vrobots_interface/msg
[6.157s] -- Up-to-date: /home/ubuntu/robot_ws/src/ubi_vrobots_interface/install/ubi_vrobots_interface/include/ubi_vrobots_interface/ubi_vrobots_interface/msg/detail
[6.158s] -- Installing: /home/ubuntu/robot_ws/src/ubi_vrobots_interface/install/ubi_vrobots_interface/include/ubi_vrobots_interface/ubi_vrobots_interface/msg/detail/dds_fastrtps
[6.158s] -- Installing: /home/ubuntu/robot_ws/src/ubi_vrobots_interface/install/ubi_vrobots_interface/include/ubi_vrobots_interface/ubi_vrobots_interface/msg/detail/v_robot_actuator__rosidl_typesupport_fastrtps_cpp.hpp
[6.158s] -- Installing: /home/ubuntu/robot_ws/src/ubi_vrobots_interface/install/ubi_vrobots_interface/include/ubi_vrobots_interface/ubi_vrobots_interface/msg/detail/v_robot_states__rosidl_typesupport_fastrtps_cpp.hpp
[6.158s] -- Installing: /home/ubuntu/robot_ws/src/ubi_vrobots_interface/install/ubi_vrobots_interface/include/ubi_vrobots_interface/ubi_vrobots_interface/msg/rosidl_typesupport_fastrtps_cpp__visibility_control.h
[6.159s] -- Installing: /home/ubuntu/robot_ws/src/ubi_vrobots_interface/install/ubi_vrobots_interface/lib/libubi_vrobots_interface__rosidl_typesupport_fastrtps_cpp.so
[6.161s] -- Set runtime path of "/home/ubuntu/robot_ws/src/ubi_vrobots_interface/install/ubi_vrobots_interface/lib/libubi_vrobots_interface__rosidl_typesupport_fastrtps_cpp.so" to ""
[6.161s] -- Up-to-date: /home/ubuntu/robot_ws/src/ubi_vrobots_interface/install/ubi_vrobots_interface/include/ubi_vrobots_interface/ubi_vrobots_interface
[6.161s] -- Up-to-date: /home/ubuntu/robot_ws/src/ubi_vrobots_interface/install/ubi_vrobots_interface/include/ubi_vrobots_interface/ubi_vrobots_interface/msg
[6.161s] -- Up-to-date: /home/ubuntu/robot_ws/src/ubi_vrobots_interface/install/ubi_vrobots_interface/include/ubi_vrobots_interface/ubi_vrobots_interface/msg/detail
[6.162s] -- Installing: /home/ubuntu/robot_ws/src/ubi_vrobots_interface/install/ubi_vrobots_interface/include/ubi_vrobots_interface/ubi_vrobots_interface/msg/detail/v_robot_actuator__type_support.c
[6.162s] -- Installing: /home/ubuntu/robot_ws/src/ubi_vrobots_interface/install/ubi_vrobots_interface/include/ubi_vrobots_interface/ubi_vrobots_interface/msg/detail/v_robot_states__rosidl_typesupport_introspection_c.h
[6.162s] -- Installing: /home/ubuntu/robot_ws/src/ubi_vrobots_interface/install/ubi_vrobots_interface/include/ubi_vrobots_interface/ubi_vrobots_interface/msg/detail/v_robot_states__type_support.c
[6.163s] -- Installing: /home/ubuntu/robot_ws/src/ubi_vrobots_interface/install/ubi_vrobots_interface/include/ubi_vrobots_interface/ubi_vrobots_interface/msg/detail/v_robot_actuator__rosidl_typesupport_introspection_c.h
[6.163s] -- Installing: /home/ubuntu/robot_ws/src/ubi_vrobots_interface/install/ubi_vrobots_interface/include/ubi_vrobots_interface/ubi_vrobots_interface/msg/rosidl_typesupport_introspection_c__visibility_control.h
[6.164s] -- Installing: /home/ubuntu/robot_ws/src/ubi_vrobots_interface/install/ubi_vrobots_interface/lib/libubi_vrobots_interface__rosidl_typesupport_introspection_c.so
[6.166s] -- Set runtime path of "/home/ubuntu/robot_ws/src/ubi_vrobots_interface/install/ubi_vrobots_interface/lib/libubi_vrobots_interface__rosidl_typesupport_introspection_c.so" to ""
[6.166s] -- Installing: /home/ubuntu/robot_ws/src/ubi_vrobots_interface/install/ubi_vrobots_interface/lib/libubi_vrobots_interface__rosidl_typesupport_c.so
[6.168s] -- Set runtime path of "/home/ubuntu/robot_ws/src/ubi_vrobots_interface/install/ubi_vrobots_interface/lib/libubi_vrobots_interface__rosidl_typesupport_c.so" to ""
[6.168s] -- Up-to-date: /home/ubuntu/robot_ws/src/ubi_vrobots_interface/install/ubi_vrobots_interface/include/ubi_vrobots_interface/ubi_vrobots_interface
[6.168s] -- Up-to-date: /home/ubuntu/robot_ws/src/ubi_vrobots_interface/install/ubi_vrobots_interface/include/ubi_vrobots_interface/ubi_vrobots_interface/msg
[6.168s] -- Up-to-date: /home/ubuntu/robot_ws/src/ubi_vrobots_interface/install/ubi_vrobots_interface/include/ubi_vrobots_interface/ubi_vrobots_interface/msg/detail
[6.169s] -- Installing: /home/ubuntu/robot_ws/src/ubi_vrobots_interface/install/ubi_vrobots_interface/include/ubi_vrobots_interface/ubi_vrobots_interface/msg/detail/v_robot_actuator__type_support.cpp
[6.169s] -- Installing: /home/ubuntu/robot_ws/src/ubi_vrobots_interface/install/ubi_vrobots_interface/include/ubi_vrobots_interface/ubi_vrobots_interface/msg/detail/v_robot_states__rosidl_typesupport_introspection_cpp.hpp
[6.169s] -- Installing: /home/ubuntu/robot_ws/src/ubi_vrobots_interface/install/ubi_vrobots_interface/include/ubi_vrobots_interface/ubi_vrobots_interface/msg/detail/v_robot_states__type_support.cpp
[6.170s] -- Installing: /home/ubuntu/robot_ws/src/ubi_vrobots_interface/install/ubi_vrobots_interface/include/ubi_vrobots_interface/ubi_vrobots_interface/msg/detail/v_robot_actuator__rosidl_typesupport_introspection_cpp.hpp
[6.171s] -- Installing: /home/ubuntu/robot_ws/src/ubi_vrobots_interface/install/ubi_vrobots_interface/lib/libubi_vrobots_interface__rosidl_typesupport_introspection_cpp.so
[6.173s] -- Set runtime path of "/home/ubuntu/robot_ws/src/ubi_vrobots_interface/install/ubi_vrobots_interface/lib/libubi_vrobots_interface__rosidl_typesupport_introspection_cpp.so" to ""
[6.173s] -- Installing: /home/ubuntu/robot_ws/src/ubi_vrobots_interface/install/ubi_vrobots_interface/lib/libubi_vrobots_interface__rosidl_typesupport_cpp.so
[6.174s] -- Set runtime path of "/home/ubuntu/robot_ws/src/ubi_vrobots_interface/install/ubi_vrobots_interface/lib/libubi_vrobots_interface__rosidl_typesupport_cpp.so" to ""
[6.174s] -- Installing: /home/ubuntu/robot_ws/src/ubi_vrobots_interface/install/ubi_vrobots_interface/share/ubi_vrobots_interface/environment/pythonpath.sh
[6.174s] -- Installing: /home/ubuntu/robot_ws/src/ubi_vrobots_interface/install/ubi_vrobots_interface/share/ubi_vrobots_interface/environment/pythonpath.dsv
[6.174s] -- Installing: /home/ubuntu/robot_ws/src/ubi_vrobots_interface/install/ubi_vrobots_interface/local/lib/python3.10/dist-packages/ubi_vrobots_interface-0.0.0-py3.10.egg-info
[6.175s] -- Installing: /home/ubuntu/robot_ws/src/ubi_vrobots_interface/install/ubi_vrobots_interface/local/lib/python3.10/dist-packages/ubi_vrobots_interface-0.0.0-py3.10.egg-info/PKG-INFO
[6.175s] -- Installing: /home/ubuntu/robot_ws/src/ubi_vrobots_interface/install/ubi_vrobots_interface/local/lib/python3.10/dist-packages/ubi_vrobots_interface-0.0.0-py3.10.egg-info/top_level.txt
[6.175s] -- Installing: /home/ubuntu/robot_ws/src/ubi_vrobots_interface/install/ubi_vrobots_interface/local/lib/python3.10/dist-packages/ubi_vrobots_interface-0.0.0-py3.10.egg-info/SOURCES.txt
[6.175s] -- Installing: /home/ubuntu/robot_ws/src/ubi_vrobots_interface/install/ubi_vrobots_interface/local/lib/python3.10/dist-packages/ubi_vrobots_interface-0.0.0-py3.10.egg-info/dependency_links.txt
[6.176s] -- Installing: /home/ubuntu/robot_ws/src/ubi_vrobots_interface/install/ubi_vrobots_interface/local/lib/python3.10/dist-packages/ubi_vrobots_interface
[6.176s] -- Installing: /home/ubuntu/robot_ws/src/ubi_vrobots_interface/install/ubi_vrobots_interface/local/lib/python3.10/dist-packages/ubi_vrobots_interface/_ubi_vrobots_interface_s.ep.rosidl_typesupport_introspection_c.c
[6.176s] -- Installing: /home/ubuntu/robot_ws/src/ubi_vrobots_interface/install/ubi_vrobots_interface/local/lib/python3.10/dist-packages/ubi_vrobots_interface/ubi_vrobots_interface_s__rosidl_typesupport_c.cpython-310-x86_64-linux-gnu.so
[6.177s] -- Installing: /home/ubuntu/robot_ws/src/ubi_vrobots_interface/install/ubi_vrobots_interface/local/lib/python3.10/dist-packages/ubi_vrobots_interface/ubi_vrobots_interface_s__rosidl_typesupport_fastrtps_c.cpython-310-x86_64-linux-gnu.so
[6.177s] -- Installing: /home/ubuntu/robot_ws/src/ubi_vrobots_interface/install/ubi_vrobots_interface/local/lib/python3.10/dist-packages/ubi_vrobots_interface/msg
[6.177s] -- Installing: /home/ubuntu/robot_ws/src/ubi_vrobots_interface/install/ubi_vrobots_interface/local/lib/python3.10/dist-packages/ubi_vrobots_interface/msg/_v_robot_actuator_s.c
[6.178s] -- Installing: /home/ubuntu/robot_ws/src/ubi_vrobots_interface/install/ubi_vrobots_interface/local/lib/python3.10/dist-packages/ubi_vrobots_interface/msg/__init__.py
[6.178s] -- Installing: /home/ubuntu/robot_ws/src/ubi_vrobots_interface/install/ubi_vrobots_interface/local/lib/python3.10/dist-packages/ubi_vrobots_interface/msg/_v_robot_states.py
[6.178s] -- Installing: /home/ubuntu/robot_ws/src/ubi_vrobots_interface/install/ubi_vrobots_interface/local/lib/python3.10/dist-packages/ubi_vrobots_interface/msg/_v_robot_actuator.py
[6.178s] -- Installing: /home/ubuntu/robot_ws/src/ubi_vrobots_interface/install/ubi_vrobots_interface/local/lib/python3.10/dist-packages/ubi_vrobots_interface/msg/_v_robot_states_s.c
[6.179s] -- Installing: /home/ubuntu/robot_ws/src/ubi_vrobots_interface/install/ubi_vrobots_interface/local/lib/python3.10/dist-packages/ubi_vrobots_interface/_ubi_vrobots_interface_s.ep.rosidl_typesupport_fastrtps_c.c
[6.179s] -- Installing: /home/ubuntu/robot_ws/src/ubi_vrobots_interface/install/ubi_vrobots_interface/local/lib/python3.10/dist-packages/ubi_vrobots_interface/__init__.py
[6.179s] -- Installing: /home/ubuntu/robot_ws/src/ubi_vrobots_interface/install/ubi_vrobots_interface/local/lib/python3.10/dist-packages/ubi_vrobots_interface/_ubi_vrobots_interface_s.ep.rosidl_typesupport_c.c
[6.179s] -- Installing: /home/ubuntu/robot_ws/src/ubi_vrobots_interface/install/ubi_vrobots_interface/local/lib/python3.10/dist-packages/ubi_vrobots_interface/ubi_vrobots_interface_s__rosidl_typesupport_introspection_c.cpython-310-x86_64-linux-gnu.so
[6.180s] -- Installing: /home/ubuntu/robot_ws/src/ubi_vrobots_interface/install/ubi_vrobots_interface/local/lib/python3.10/dist-packages/ubi_vrobots_interface/libubi_vrobots_interface__rosidl_generator_py.so
[6.240s] Listing '/home/ubuntu/robot_ws/src/ubi_vrobots_interface/install/ubi_vrobots_interface/local/lib/python3.10/dist-packages/ubi_vrobots_interface'...
[6.240s] Compiling '/home/ubuntu/robot_ws/src/ubi_vrobots_interface/install/ubi_vrobots_interface/local/lib/python3.10/dist-packages/ubi_vrobots_interface/__init__.py'...
[6.240s] Listing '/home/ubuntu/robot_ws/src/ubi_vrobots_interface/install/ubi_vrobots_interface/local/lib/python3.10/dist-packages/ubi_vrobots_interface/msg'...
[6.240s] Compiling '/home/ubuntu/robot_ws/src/ubi_vrobots_interface/install/ubi_vrobots_interface/local/lib/python3.10/dist-packages/ubi_vrobots_interface/msg/__init__.py'...
[6.241s] Compiling '/home/ubuntu/robot_ws/src/ubi_vrobots_interface/install/ubi_vrobots_interface/local/lib/python3.10/dist-packages/ubi_vrobots_interface/msg/_v_robot_actuator.py'...
[6.241s] Compiling '/home/ubuntu/robot_ws/src/ubi_vrobots_interface/install/ubi_vrobots_interface/local/lib/python3.10/dist-packages/ubi_vrobots_interface/msg/_v_robot_states.py'...
[6.245s] -- Installing: /home/ubuntu/robot_ws/src/ubi_vrobots_interface/install/ubi_vrobots_interface/local/lib/python3.10/dist-packages/ubi_vrobots_interface/ubi_vrobots_interface_s__rosidl_typesupport_fastrtps_c.cpython-310-x86_64-linux-gnu.so
[6.245s] -- Set runtime path of "/home/ubuntu/robot_ws/src/ubi_vrobots_interface/install/ubi_vrobots_interface/local/lib/python3.10/dist-packages/ubi_vrobots_interface/ubi_vrobots_interface_s__rosidl_typesupport_fastrtps_c.cpython-310-x86_64-linux-gnu.so" to ""
[6.246s] -- Installing: /home/ubuntu/robot_ws/src/ubi_vrobots_interface/install/ubi_vrobots_interface/local/lib/python3.10/dist-packages/ubi_vrobots_interface/ubi_vrobots_interface_s__rosidl_typesupport_introspection_c.cpython-310-x86_64-linux-gnu.so
[6.246s] -- Set runtime path of "/home/ubuntu/robot_ws/src/ubi_vrobots_interface/install/ubi_vrobots_interface/local/lib/python3.10/dist-packages/ubi_vrobots_interface/ubi_vrobots_interface_s__rosidl_typesupport_introspection_c.cpython-310-x86_64-linux-gnu.so" to ""
[6.246s] -- Installing: /home/ubuntu/robot_ws/src/ubi_vrobots_interface/install/ubi_vrobots_interface/local/lib/python3.10/dist-packages/ubi_vrobots_interface/ubi_vrobots_interface_s__rosidl_typesupport_c.cpython-310-x86_64-linux-gnu.so
[6.247s] -- Set runtime path of "/home/ubuntu/robot_ws/src/ubi_vrobots_interface/install/ubi_vrobots_interface/local/lib/python3.10/dist-packages/ubi_vrobots_interface/ubi_vrobots_interface_s__rosidl_typesupport_c.cpython-310-x86_64-linux-gnu.so" to ""
[6.247s] -- Installing: /home/ubuntu/robot_ws/src/ubi_vrobots_interface/install/ubi_vrobots_interface/lib/libubi_vrobots_interface__rosidl_generator_py.so
[6.247s] -- Set runtime path of "/home/ubuntu/robot_ws/src/ubi_vrobots_interface/install/ubi_vrobots_interface/lib/libubi_vrobots_interface__rosidl_generator_py.so" to ""
[6.248s] -- Installing: /home/ubuntu/robot_ws/src/ubi_vrobots_interface/install/ubi_vrobots_interface/share/ubi_vrobots_interface/msg/VRobotStates.idl
[6.248s] -- Installing: /home/ubuntu/robot_ws/src/ubi_vrobots_interface/install/ubi_vrobots_interface/share/ubi_vrobots_interface/msg/VRobotActuator.idl
[6.248s] -- Installing: /home/ubuntu/robot_ws/src/ubi_vrobots_interface/install/ubi_vrobots_interface/share/ubi_vrobots_interface/msg/VRobotStates.msg
[6.248s] -- Installing: /home/ubuntu/robot_ws/src/ubi_vrobots_interface/install/ubi_vrobots_interface/share/ubi_vrobots_interface/msg/VRobotActuator.msg
[6.249s] -- Installing: /home/ubuntu/robot_ws/src/ubi_vrobots_interface/install/ubi_vrobots_interface/share/ament_index/resource_index/package_run_dependencies/ubi_vrobots_interface
[6.249s] -- Installing: /home/ubuntu/robot_ws/src/ubi_vrobots_interface/install/ubi_vrobots_interface/share/ament_index/resource_index/parent_prefix_path/ubi_vrobots_interface
[6.249s] -- Installing: /home/ubuntu/robot_ws/src/ubi_vrobots_interface/install/ubi_vrobots_interface/share/ubi_vrobots_interface/environment/ament_prefix_path.sh
[6.249s] -- Installing: /home/ubuntu/robot_ws/src/ubi_vrobots_interface/install/ubi_vrobots_interface/share/ubi_vrobots_interface/environment/ament_prefix_path.dsv
[6.249s] -- Installing: /home/ubuntu/robot_ws/src/ubi_vrobots_interface/install/ubi_vrobots_interface/share/ubi_vrobots_interface/environment/path.sh
[6.250s] -- Installing: /home/ubuntu/robot_ws/src/ubi_vrobots_interface/install/ubi_vrobots_interface/share/ubi_vrobots_interface/environment/path.dsv
[6.250s] -- Installing: /home/ubuntu/robot_ws/src/ubi_vrobots_interface/install/ubi_vrobots_interface/share/ubi_vrobots_interface/local_setup.bash
[6.250s] -- Installing: /home/ubuntu/robot_ws/src/ubi_vrobots_interface/install/ubi_vrobots_interface/share/ubi_vrobots_interface/local_setup.sh
[6.250s] -- Installing: /home/ubuntu/robot_ws/src/ubi_vrobots_interface/install/ubi_vrobots_interface/share/ubi_vrobots_interface/local_setup.zsh
[6.250s] -- Installing: /home/ubuntu/robot_ws/src/ubi_vrobots_interface/install/ubi_vrobots_interface/share/ubi_vrobots_interface/local_setup.dsv
[6.251s] -- Installing: /home/ubuntu/robot_ws/src/ubi_vrobots_interface/install/ubi_vrobots_interface/share/ubi_vrobots_interface/package.dsv
[6.251s] -- Installing: /home/ubuntu/robot_ws/src/ubi_vrobots_interface/install/ubi_vrobots_interface/share/ament_index/resource_index/packages/ubi_vrobots_interface
[6.251s] -- Installing: /home/ubuntu/robot_ws/src/ubi_vrobots_interface/install/ubi_vrobots_interface/share/ubi_vrobots_interface/cmake/export_ubi_vrobots_interface__rosidl_generator_cExport.cmake
[6.251s] -- Installing: /home/ubuntu/robot_ws/src/ubi_vrobots_interface/install/ubi_vrobots_interface/share/ubi_vrobots_interface/cmake/export_ubi_vrobots_interface__rosidl_generator_cExport-noconfig.cmake
[6.251s] -- Installing: /home/ubuntu/robot_ws/src/ubi_vrobots_interface/install/ubi_vrobots_interface/share/ubi_vrobots_interface/cmake/export_ubi_vrobots_interface__rosidl_typesupport_fastrtps_cExport.cmake
[6.252s] -- Installing: /home/ubuntu/robot_ws/src/ubi_vrobots_interface/install/ubi_vrobots_interface/share/ubi_vrobots_interface/cmake/export_ubi_vrobots_interface__rosidl_typesupport_fastrtps_cExport-noconfig.cmake
[6.252s] -- Installing: /home/ubuntu/robot_ws/src/ubi_vrobots_interface/install/ubi_vrobots_interface/share/ubi_vrobots_interface/cmake/export_ubi_vrobots_interface__rosidl_generator_cppExport.cmake
[6.252s] -- Installing: /home/ubuntu/robot_ws/src/ubi_vrobots_interface/install/ubi_vrobots_interface/share/ubi_vrobots_interface/cmake/export_ubi_vrobots_interface__rosidl_typesupport_fastrtps_cppExport.cmake
[6.252s] -- Installing: /home/ubuntu/robot_ws/src/ubi_vrobots_interface/install/ubi_vrobots_interface/share/ubi_vrobots_interface/cmake/export_ubi_vrobots_interface__rosidl_typesupport_fastrtps_cppExport-noconfig.cmake
[6.253s] -- Installing: /home/ubuntu/robot_ws/src/ubi_vrobots_interface/install/ubi_vrobots_interface/share/ubi_vrobots_interface/cmake/ubi_vrobots_interface__rosidl_typesupport_introspection_cExport.cmake
[6.253s] -- Installing: /home/ubuntu/robot_ws/src/ubi_vrobots_interface/install/ubi_vrobots_interface/share/ubi_vrobots_interface/cmake/ubi_vrobots_interface__rosidl_typesupport_introspection_cExport-noconfig.cmake
[6.253s] -- Installing: /home/ubuntu/robot_ws/src/ubi_vrobots_interface/install/ubi_vrobots_interface/share/ubi_vrobots_interface/cmake/ubi_vrobots_interface__rosidl_typesupport_cExport.cmake
[6.253s] -- Installing: /home/ubuntu/robot_ws/src/ubi_vrobots_interface/install/ubi_vrobots_interface/share/ubi_vrobots_interface/cmake/ubi_vrobots_interface__rosidl_typesupport_cExport-noconfig.cmake
[6.253s] -- Installing: /home/ubuntu/robot_ws/src/ubi_vrobots_interface/install/ubi_vrobots_interface/share/ubi_vrobots_interface/cmake/ubi_vrobots_interface__rosidl_typesupport_introspection_cppExport.cmake
[6.253s] -- Installing: /home/ubuntu/robot_ws/src/ubi_vrobots_interface/install/ubi_vrobots_interface/share/ubi_vrobots_interface/cmake/ubi_vrobots_interface__rosidl_typesupport_introspection_cppExport-noconfig.cmake
[6.253s] -- Installing: /home/ubuntu/robot_ws/src/ubi_vrobots_interface/install/ubi_vrobots_interface/share/ubi_vrobots_interface/cmake/ubi_vrobots_interface__rosidl_typesupport_cppExport.cmake
[6.253s] -- Installing: /home/ubuntu/robot_ws/src/ubi_vrobots_interface/install/ubi_vrobots_interface/share/ubi_vrobots_interface/cmake/ubi_vrobots_interface__rosidl_typesupport_cppExport-noconfig.cmake
[6.254s] -- Installing: /home/ubuntu/robot_ws/src/ubi_vrobots_interface/install/ubi_vrobots_interface/share/ubi_vrobots_interface/cmake/export_ubi_vrobots_interface__rosidl_generator_pyExport.cmake
[6.254s] -- Installing: /home/ubuntu/robot_ws/src/ubi_vrobots_interface/install/ubi_vrobots_interface/share/ubi_vrobots_interface/cmake/export_ubi_vrobots_interface__rosidl_generator_pyExport-noconfig.cmake
[6.254s] -- Installing: /home/ubuntu/robot_ws/src/ubi_vrobots_interface/install/ubi_vrobots_interface/share/ubi_vrobots_interface/cmake/rosidl_cmake-extras.cmake
[6.254s] -- Installing: /home/ubuntu/robot_ws/src/ubi_vrobots_interface/install/ubi_vrobots_interface/share/ubi_vrobots_interface/cmake/ament_cmake_export_dependencies-extras.cmake
[6.254s] -- Installing: /home/ubuntu/robot_ws/src/ubi_vrobots_interface/install/ubi_vrobots_interface/share/ubi_vrobots_interface/cmake/ament_cmake_export_include_directories-extras.cmake
[6.254s] -- Installing: /home/ubuntu/robot_ws/src/ubi_vrobots_interface/install/ubi_vrobots_interface/share/ubi_vrobots_interface/cmake/ament_cmake_export_libraries-extras.cmake
[6.254s] -- Installing: /home/ubuntu/robot_ws/src/ubi_vrobots_interface/install/ubi_vrobots_interface/share/ubi_vrobots_interface/cmake/ament_cmake_export_targets-extras.cmake
[6.255s] -- Installing: /home/ubuntu/robot_ws/src/ubi_vrobots_interface/install/ubi_vrobots_interface/share/ubi_vrobots_interface/cmake/rosidl_cmake_export_typesupport_targets-extras.cmake
[6.255s] -- Installing: /home/ubuntu/robot_ws/src/ubi_vrobots_interface/install/ubi_vrobots_interface/share/ubi_vrobots_interface/cmake/rosidl_cmake_export_typesupport_libraries-extras.cmake
[6.255s] -- Installing: /home/ubuntu/robot_ws/src/ubi_vrobots_interface/install/ubi_vrobots_interface/share/ubi_vrobots_interface/cmake/ubi_vrobots_interfaceConfig.cmake
[6.255s] -- Installing: /home/ubuntu/robot_ws/src/ubi_vrobots_interface/install/ubi_vrobots_interface/share/ubi_vrobots_interface/cmake/ubi_vrobots_interfaceConfig-version.cmake
[6.255s] -- Installing: /home/ubuntu/robot_ws/src/ubi_vrobots_interface/install/ubi_vrobots_interface/share/ubi_vrobots_interface/package.xml
[6.258s] Invoked command in '/home/ubuntu/robot_ws/src/ubi_vrobots_interface/build/ubi_vrobots_interface' returned '0': CMAKE_PREFIX_PATH=/opt/ros/humble /usr/bin/cmake --install /home/ubuntu/robot_ws/src/ubi_vrobots_interface/build/ubi_vrobots_interface
