[1.157s] DEBUG:colcon:Command line arguments: ['/usr/bin/colcon', 'build', '--packages-select', 'ubi_vrobots_interface']
[1.157s] DEBUG:colcon:Parsed command line arguments: Namespace(log_base=None, log_level=None, verb_name='build', build_base='build', install_base='install', merge_install=False, symlink_install=False, test_result_base=None, continue_on_error=False, executor='parallel', parallel_workers=28, event_handlers=None, ignore_user_meta=False, metas=['./colcon.meta'], base_paths=['.'], packages_ignore=None, packages_ignore_regex=None, paths=None, packages_up_to=None, packages_up_to_regex=None, packages_above=None, packages_above_and_dependencies=None, packages_above_depth=None, packages_select_by_dep=None, packages_skip_by_dep=None, packages_skip_up_to=None, packages_select_build_failed=False, packages_skip_build_finished=False, packages_select_test_failures=False, packages_skip_test_passed=False, packages_select=['ubi_vrobots_interface'], packages_skip=None, packages_select_regex=None, packages_skip_regex=None, packages_start=None, packages_end=None, cmake_args=None, cmake_target=None, cmake_target_skip_unavailable=False, cmake_clean_cache=False, cmake_clean_first=False, cmake_force_configure=False, ament_cmake_args=None, catkin_cmake_args=None, catkin_skip_building_tests=False, mixin_files=None, mixin=None, verb_parser=<colcon_mixin.mixin.mixin_argument.MixinArgumentDecorator object at 0x78c685d02080>, verb_extension=<colcon_core.verb.build.BuildVerb object at 0x78c685c73940>, main=<bound method BuildVerb.main of <colcon_core.verb.build.BuildVerb object at 0x78c685c73940>>, mixin_verb=('build',))
[1.205s] Level 1:colcon.colcon_core.package_discovery:discover_packages(colcon_meta) check parameters
[1.206s] INFO:colcon.colcon_metadata.package_discovery.colcon_meta:Using configuration from '/root/.colcon/metadata/default/Gazebo.meta'
[1.206s] INFO:colcon.colcon_metadata.package_discovery.colcon_meta:Using configuration from '/root/.colcon/metadata/default/fastrtps.meta'
[1.206s] Level 1:colcon.colcon_core.package_discovery:discover_packages(recursive) check parameters
[1.206s] Level 1:colcon.colcon_core.package_discovery:discover_packages(ignore) check parameters
[1.206s] Level 1:colcon.colcon_core.package_discovery:discover_packages(path) check parameters
[1.206s] Level 1:colcon.colcon_core.package_discovery:discover_packages(colcon_meta) discover
[1.206s] Level 1:colcon.colcon_core.package_discovery:discover_packages(recursive) discover
[1.206s] INFO:colcon.colcon_core.package_discovery:Crawling recursively for packages in '/home/ubuntu/robot_ws/src/ubi_vrobots_interface'
[1.207s] Level 1:colcon.colcon_core.package_identification:_identify(.) by extensions ['ignore', 'ignore_ament_install']
[1.207s] Level 1:colcon.colcon_core.package_identification:_identify(.) by extension 'ignore'
[1.207s] Level 1:colcon.colcon_core.package_identification:_identify(.) by extension 'ignore_ament_install'
[1.207s] Level 1:colcon.colcon_core.package_identification:_identify(.) by extensions ['colcon_pkg']
[1.207s] Level 1:colcon.colcon_core.package_identification:_identify(.) by extension 'colcon_pkg'
[1.207s] Level 1:colcon.colcon_core.package_identification:_identify(.) by extensions ['colcon_meta']
[1.207s] Level 1:colcon.colcon_core.package_identification:_identify(.) by extension 'colcon_meta'
[1.207s] Level 1:colcon.colcon_core.package_identification:_identify(.) by extensions ['ros']
[1.207s] Level 1:colcon.colcon_core.package_identification:_identify(.) by extension 'ros'
[1.218s] DEBUG:colcon.colcon_core.package_identification:Package '.' with type 'ros.ament_cmake' and name 'ubi_vrobots_interface'
[1.219s] Level 1:colcon.colcon_core.package_discovery:discover_packages(recursive) using defaults
[1.219s] Level 1:colcon.colcon_core.package_discovery:discover_packages(ignore) discover
[1.219s] Level 1:colcon.colcon_core.package_discovery:discover_packages(ignore) using defaults
[1.219s] Level 1:colcon.colcon_core.package_discovery:discover_packages(path) discover
[1.219s] Level 1:colcon.colcon_core.package_discovery:discover_packages(path) using defaults
[1.286s] Level 5:colcon.colcon_core.verb:set package 'ubi_vrobots_interface' build argument 'cmake_args' from command line to 'None'
[1.286s] Level 5:colcon.colcon_core.verb:set package 'ubi_vrobots_interface' build argument 'cmake_target' from command line to 'None'
[1.286s] Level 5:colcon.colcon_core.verb:set package 'ubi_vrobots_interface' build argument 'cmake_target_skip_unavailable' from command line to 'False'
[1.286s] Level 5:colcon.colcon_core.verb:set package 'ubi_vrobots_interface' build argument 'cmake_clean_cache' from command line to 'False'
[1.286s] Level 5:colcon.colcon_core.verb:set package 'ubi_vrobots_interface' build argument 'cmake_clean_first' from command line to 'False'
[1.286s] Level 5:colcon.colcon_core.verb:set package 'ubi_vrobots_interface' build argument 'cmake_force_configure' from command line to 'False'
[1.286s] Level 5:colcon.colcon_core.verb:set package 'ubi_vrobots_interface' build argument 'ament_cmake_args' from command line to 'None'
[1.286s] Level 5:colcon.colcon_core.verb:set package 'ubi_vrobots_interface' build argument 'catkin_cmake_args' from command line to 'None'
[1.286s] Level 5:colcon.colcon_core.verb:set package 'ubi_vrobots_interface' build argument 'catkin_skip_building_tests' from command line to 'False'
[1.286s] DEBUG:colcon.colcon_core.verb:Building package 'ubi_vrobots_interface' with the following arguments: {'ament_cmake_args': None, 'build_base': '/home/ubuntu/robot_ws/src/ubi_vrobots_interface/build/ubi_vrobots_interface', 'catkin_cmake_args': None, 'catkin_skip_building_tests': False, 'cmake_args': None, 'cmake_clean_cache': False, 'cmake_clean_first': False, 'cmake_force_configure': False, 'cmake_target': None, 'cmake_target_skip_unavailable': False, 'install_base': '/home/ubuntu/robot_ws/src/ubi_vrobots_interface/install/ubi_vrobots_interface', 'merge_install': False, 'path': '/home/ubuntu/robot_ws/src/ubi_vrobots_interface', 'symlink_install': False, 'test_result_base': None}
[1.298s] INFO:colcon.colcon_core.executor:Executing jobs using 'parallel' executor
[1.311s] DEBUG:colcon.colcon_parallel_executor.executor.parallel:run_until_complete
[1.311s] INFO:colcon.colcon_ros.task.ament_cmake.build:Building ROS package in '/home/ubuntu/robot_ws/src/ubi_vrobots_interface' with build type 'ament_cmake'
[1.312s] INFO:colcon.colcon_cmake.task.cmake.build:Building CMake package in '/home/ubuntu/robot_ws/src/ubi_vrobots_interface'
[1.326s] INFO:colcon.colcon_core.plugin_system:Skipping extension 'colcon_core.shell.bat': Not used on non-Windows systems
[1.326s] INFO:colcon.colcon_core.shell:Skip shell extension 'powershell' for command environment: Not usable outside of PowerShell
[1.327s] DEBUG:colcon.colcon_core.shell:Skip shell extension 'dsv' for command environment
[1.365s] DEBUG:colcon.colcon_core.event_handler.log_command:Invoking command in '/home/ubuntu/robot_ws/src/ubi_vrobots_interface/build/ubi_vrobots_interface': CMAKE_PREFIX_PATH=/opt/ros/humble /usr/bin/cmake --build /home/ubuntu/robot_ws/src/ubi_vrobots_interface/build/ubi_vrobots_interface -- -j28 -l28
[1.905s] DEBUG:colcon.colcon_core.event_handler.log_command:Invoked command in '/home/ubuntu/robot_ws/src/ubi_vrobots_interface/build/ubi_vrobots_interface' returned '0': CMAKE_PREFIX_PATH=/opt/ros/humble /usr/bin/cmake --build /home/ubuntu/robot_ws/src/ubi_vrobots_interface/build/ubi_vrobots_interface -- -j28 -l28
[2.194s] DEBUG:colcon.colcon_core.event_handler.log_command:Invoking command in '/home/ubuntu/robot_ws/src/ubi_vrobots_interface/build/ubi_vrobots_interface': CMAKE_PREFIX_PATH=/opt/ros/humble /usr/bin/cmake --install /home/ubuntu/robot_ws/src/ubi_vrobots_interface/build/ubi_vrobots_interface
[2.285s] Level 1:colcon.colcon_core.environment:create_environment_scripts_only(ubi_vrobots_interface)
[2.286s] DEBUG:colcon.colcon_core.event_handler.log_command:Invoked command in '/home/ubuntu/robot_ws/src/ubi_vrobots_interface/build/ubi_vrobots_interface' returned '0': CMAKE_PREFIX_PATH=/opt/ros/humble /usr/bin/cmake --install /home/ubuntu/robot_ws/src/ubi_vrobots_interface/build/ubi_vrobots_interface
[2.311s] Level 1:colcon.colcon_core.environment:checking '/home/ubuntu/robot_ws/src/ubi_vrobots_interface/install/ubi_vrobots_interface' for CMake module files
[2.312s] Level 1:colcon.colcon_core.environment:checking '/home/ubuntu/robot_ws/src/ubi_vrobots_interface/install/ubi_vrobots_interface' for CMake config files
[2.312s] Level 1:colcon.colcon_core.shell:create_environment_hook('ubi_vrobots_interface', 'cmake_prefix_path')
[2.326s] INFO:colcon.colcon_core.shell:Creating environment hook '/home/ubuntu/robot_ws/src/ubi_vrobots_interface/install/ubi_vrobots_interface/share/ubi_vrobots_interface/hook/cmake_prefix_path.ps1'
[2.327s] INFO:colcon.colcon_core.shell:Creating environment descriptor '/home/ubuntu/robot_ws/src/ubi_vrobots_interface/install/ubi_vrobots_interface/share/ubi_vrobots_interface/hook/cmake_prefix_path.dsv'
[2.328s] INFO:colcon.colcon_core.shell:Creating environment hook '/home/ubuntu/robot_ws/src/ubi_vrobots_interface/install/ubi_vrobots_interface/share/ubi_vrobots_interface/hook/cmake_prefix_path.sh'
[2.328s] Level 1:colcon.colcon_core.environment:checking '/home/ubuntu/robot_ws/src/ubi_vrobots_interface/install/ubi_vrobots_interface/lib'
[2.329s] Level 1:colcon.colcon_core.shell:create_environment_hook('ubi_vrobots_interface', 'ld_library_path_lib')
[2.342s] INFO:colcon.colcon_core.shell:Creating environment hook '/home/ubuntu/robot_ws/src/ubi_vrobots_interface/install/ubi_vrobots_interface/share/ubi_vrobots_interface/hook/ld_library_path_lib.ps1'
[2.342s] INFO:colcon.colcon_core.shell:Creating environment descriptor '/home/ubuntu/robot_ws/src/ubi_vrobots_interface/install/ubi_vrobots_interface/share/ubi_vrobots_interface/hook/ld_library_path_lib.dsv'
[2.342s] INFO:colcon.colcon_core.shell:Creating environment hook '/home/ubuntu/robot_ws/src/ubi_vrobots_interface/install/ubi_vrobots_interface/share/ubi_vrobots_interface/hook/ld_library_path_lib.sh'
[2.343s] Level 1:colcon.colcon_core.environment:checking '/home/ubuntu/robot_ws/src/ubi_vrobots_interface/install/ubi_vrobots_interface/bin'
[2.343s] Level 1:colcon.colcon_core.environment:checking '/home/ubuntu/robot_ws/src/ubi_vrobots_interface/install/ubi_vrobots_interface/lib/pkgconfig/ubi_vrobots_interface.pc'
[2.345s] Level 1:colcon.colcon_core.environment:checking '/home/ubuntu/robot_ws/src/ubi_vrobots_interface/install/ubi_vrobots_interface/lib/python3.10/site-packages'
[2.345s] Level 1:colcon.colcon_core.environment:checking '/home/ubuntu/robot_ws/src/ubi_vrobots_interface/install/ubi_vrobots_interface/bin'
[2.358s] INFO:colcon.colcon_core.shell:Creating package script '/home/ubuntu/robot_ws/src/ubi_vrobots_interface/install/ubi_vrobots_interface/share/ubi_vrobots_interface/package.ps1'
[2.359s] INFO:colcon.colcon_core.shell:Creating package descriptor '/home/ubuntu/robot_ws/src/ubi_vrobots_interface/install/ubi_vrobots_interface/share/ubi_vrobots_interface/package.dsv'
[2.359s] INFO:colcon.colcon_core.shell:Creating package script '/home/ubuntu/robot_ws/src/ubi_vrobots_interface/install/ubi_vrobots_interface/share/ubi_vrobots_interface/package.sh'
[2.360s] INFO:colcon.colcon_core.shell:Creating package script '/home/ubuntu/robot_ws/src/ubi_vrobots_interface/install/ubi_vrobots_interface/share/ubi_vrobots_interface/package.bash'
[2.361s] INFO:colcon.colcon_core.shell:Creating package script '/home/ubuntu/robot_ws/src/ubi_vrobots_interface/install/ubi_vrobots_interface/share/ubi_vrobots_interface/package.zsh'
[2.361s] Level 1:colcon.colcon_core.environment:create_file_with_runtime_dependencies(/home/ubuntu/robot_ws/src/ubi_vrobots_interface/install/ubi_vrobots_interface/share/colcon-core/packages/ubi_vrobots_interface)
[2.625s] Level 1:colcon.colcon_core.environment:create_environment_scripts_only(ubi_vrobots_interface)
[2.640s] Level 1:colcon.colcon_core.environment:checking '/home/ubuntu/robot_ws/src/ubi_vrobots_interface/install/ubi_vrobots_interface' for CMake module files
[2.641s] Level 1:colcon.colcon_core.environment:checking '/home/ubuntu/robot_ws/src/ubi_vrobots_interface/install/ubi_vrobots_interface' for CMake config files
[2.641s] Level 1:colcon.colcon_core.shell:create_environment_hook('ubi_vrobots_interface', 'cmake_prefix_path')
[2.654s] INFO:colcon.colcon_core.shell:Creating environment hook '/home/ubuntu/robot_ws/src/ubi_vrobots_interface/install/ubi_vrobots_interface/share/ubi_vrobots_interface/hook/cmake_prefix_path.ps1'
[2.655s] INFO:colcon.colcon_core.shell:Creating environment descriptor '/home/ubuntu/robot_ws/src/ubi_vrobots_interface/install/ubi_vrobots_interface/share/ubi_vrobots_interface/hook/cmake_prefix_path.dsv'
[2.655s] INFO:colcon.colcon_core.shell:Creating environment hook '/home/ubuntu/robot_ws/src/ubi_vrobots_interface/install/ubi_vrobots_interface/share/ubi_vrobots_interface/hook/cmake_prefix_path.sh'
[2.656s] Level 1:colcon.colcon_core.environment:checking '/home/ubuntu/robot_ws/src/ubi_vrobots_interface/install/ubi_vrobots_interface/lib'
[2.656s] Level 1:colcon.colcon_core.shell:create_environment_hook('ubi_vrobots_interface', 'ld_library_path_lib')
[2.668s] INFO:colcon.colcon_core.shell:Creating environment hook '/home/ubuntu/robot_ws/src/ubi_vrobots_interface/install/ubi_vrobots_interface/share/ubi_vrobots_interface/hook/ld_library_path_lib.ps1'
[2.669s] INFO:colcon.colcon_core.shell:Creating environment descriptor '/home/ubuntu/robot_ws/src/ubi_vrobots_interface/install/ubi_vrobots_interface/share/ubi_vrobots_interface/hook/ld_library_path_lib.dsv'
[2.669s] INFO:colcon.colcon_core.shell:Creating environment hook '/home/ubuntu/robot_ws/src/ubi_vrobots_interface/install/ubi_vrobots_interface/share/ubi_vrobots_interface/hook/ld_library_path_lib.sh'
[2.669s] Level 1:colcon.colcon_core.environment:checking '/home/ubuntu/robot_ws/src/ubi_vrobots_interface/install/ubi_vrobots_interface/bin'
[2.670s] Level 1:colcon.colcon_core.environment:checking '/home/ubuntu/robot_ws/src/ubi_vrobots_interface/install/ubi_vrobots_interface/lib/pkgconfig/ubi_vrobots_interface.pc'
[2.670s] Level 1:colcon.colcon_core.environment:checking '/home/ubuntu/robot_ws/src/ubi_vrobots_interface/install/ubi_vrobots_interface/lib/python3.10/site-packages'
[2.670s] Level 1:colcon.colcon_core.environment:checking '/home/ubuntu/robot_ws/src/ubi_vrobots_interface/install/ubi_vrobots_interface/bin'
[2.683s] INFO:colcon.colcon_core.shell:Creating package script '/home/ubuntu/robot_ws/src/ubi_vrobots_interface/install/ubi_vrobots_interface/share/ubi_vrobots_interface/package.ps1'
[2.684s] INFO:colcon.colcon_core.shell:Creating package descriptor '/home/ubuntu/robot_ws/src/ubi_vrobots_interface/install/ubi_vrobots_interface/share/ubi_vrobots_interface/package.dsv'
[2.684s] INFO:colcon.colcon_core.shell:Creating package script '/home/ubuntu/robot_ws/src/ubi_vrobots_interface/install/ubi_vrobots_interface/share/ubi_vrobots_interface/package.sh'
[2.685s] INFO:colcon.colcon_core.shell:Creating package script '/home/ubuntu/robot_ws/src/ubi_vrobots_interface/install/ubi_vrobots_interface/share/ubi_vrobots_interface/package.bash'
[2.685s] INFO:colcon.colcon_core.shell:Creating package script '/home/ubuntu/robot_ws/src/ubi_vrobots_interface/install/ubi_vrobots_interface/share/ubi_vrobots_interface/package.zsh'
[2.685s] Level 1:colcon.colcon_core.environment:create_file_with_runtime_dependencies(/home/ubuntu/robot_ws/src/ubi_vrobots_interface/install/ubi_vrobots_interface/share/colcon-core/packages/ubi_vrobots_interface)
[2.685s] DEBUG:colcon.colcon_parallel_executor.executor.parallel:closing loop
[2.686s] DEBUG:colcon.colcon_parallel_executor.executor.parallel:loop closed
[2.686s] DEBUG:colcon.colcon_parallel_executor.executor.parallel:run_until_complete finished with '0'
[2.686s] DEBUG:colcon.colcon_core.event_reactor:joining thread
[2.726s] INFO:colcon.colcon_core.plugin_system:Skipping extension 'colcon_notification.desktop_notification.notify_send': Could not find 'notify-send'
[2.727s] INFO:colcon.colcon_core.plugin_system:Skipping extension 'colcon_notification.desktop_notification.terminal_notifier': Not used on non-Darwin systems
[2.727s] INFO:colcon.colcon_core.plugin_system:Skipping extension 'colcon_notification.desktop_notification.win32': Not used on non-Windows systems
[2.727s] INFO:colcon.colcon_notification.desktop_notification:Sending desktop notification using 'notify2'
[2.731s] DEBUG:colcon.colcon_notification.desktop_notification.notify2:Failed to initialize notify2: org.freedesktop.DBus.Error.Spawn.ExecFailed: /usr/bin/dbus-launch terminated abnormally without any error message
[2.731s] DEBUG:colcon.colcon_core.event_reactor:joined thread
[2.747s] INFO:colcon.colcon_core.shell:Creating prefix script '/home/ubuntu/robot_ws/src/ubi_vrobots_interface/install/local_setup.ps1'
[2.748s] INFO:colcon.colcon_core.shell:Creating prefix util module '/home/ubuntu/robot_ws/src/ubi_vrobots_interface/install/_local_setup_util_ps1.py'
[2.749s] INFO:colcon.colcon_core.shell:Creating prefix chain script '/home/ubuntu/robot_ws/src/ubi_vrobots_interface/install/setup.ps1'
[2.762s] INFO:colcon.colcon_core.shell:Creating prefix script '/home/ubuntu/robot_ws/src/ubi_vrobots_interface/install/local_setup.sh'
[2.763s] INFO:colcon.colcon_core.shell:Creating prefix util module '/home/ubuntu/robot_ws/src/ubi_vrobots_interface/install/_local_setup_util_sh.py'
[2.763s] INFO:colcon.colcon_core.shell:Creating prefix chain script '/home/ubuntu/robot_ws/src/ubi_vrobots_interface/install/setup.sh'
[2.776s] INFO:colcon.colcon_core.shell:Creating prefix script '/home/ubuntu/robot_ws/src/ubi_vrobots_interface/install/local_setup.bash'
[2.776s] INFO:colcon.colcon_core.shell:Creating prefix chain script '/home/ubuntu/robot_ws/src/ubi_vrobots_interface/install/setup.bash'
[2.789s] INFO:colcon.colcon_core.shell:Creating prefix script '/home/ubuntu/robot_ws/src/ubi_vrobots_interface/install/local_setup.zsh'
[2.789s] INFO:colcon.colcon_core.shell:Creating prefix chain script '/home/ubuntu/robot_ws/src/ubi_vrobots_interface/install/setup.zsh'
